2025-08-11 10:25:09,506 - DEBUG - что за хуйня тут происходит: C:\Users\SilantevGN\Desktop\Образцы файлов для разбора\ветхий\2026GDORB0010039094\2025.05.27\97445_13.3_01834_Локальная смета.xls
2025-08-11 10:28:52,379 - DEBUG - что за хуйня тут происходит: C:\Users\SilantevGN\Desktop\Образцы файлов для разбора\ветхий\2026GDORB0010039094\2025.05.27\97445_13.3_01834_Локальная смета.xls
2025-08-11 10:31:55,286 - DEBUG - что за хуйня тут происходит: C:\Users\SilantevGN\Desktop\Образцы файлов для разбора\ветхий\2026GDORB0010039094\2025.05.27\97445_13.3_01834_Локальная смета.xls
2025-08-11 10:33:24,592 - DEBUG - что за хуйня тут происходит: C:\Users\SilantevGN\Desktop\Образцы файлов для разбора\ветхий\2026GDORB0010039094\2025.05.27\97445_13.3_01834_Локальная смета.xls
2025-08-11 10:34:54,948 - DEBUG - что за хуйня тут происходит: C:\Users\SilantevGN\Desktop\Образцы файлов для разбора\ветхий\2026GDORB0010039094\2025.05.27\97445_13.3_01834_Локальная смета.xls
2025-08-11 10:35:52,748 - DEBUG - что за хуйня тут происходит: C:\Users\SilantevGN\Desktop\Образцы файлов для разбора\ветхий\2026GDORB0010039094\2025.05.27\97445_13.3_01834_Локальная смета.xls
2025-08-11 10:36:06,539 - DEBUG - ща прочту файл C:\Users\SilantevGN\Desktop\Образцы файлов для разбора\ветхий\2026GDORB0010039094\2025.05.27\97445_13.3_01834_Локальная смета.xls
2025-08-11 10:57:36,257 - DEBUG - что за хуйня тут происходит: C:\Users\SilantevGN\Desktop\Образцы файлов для разбора\ветхий\2026GDORB0010039050\2025.05.28\97445_13.3_01847_Локальная смета.xlsx
2025-08-11 10:57:36,258 - DEBUG - Чтение файла C:\Users\SilantevGN\Desktop\Образцы файлов для разбора\ветхий\2026GDORB0010039050\2025.05.28\97445_13.3_01847_Локальная смета.xlsx с движком openpyxl
2025-08-11 10:57:36,474 - DEBUG - что за хуйня тут происходит: C:\Users\SilantevGN\Desktop\Образцы файлов для разбора\ветхий\2026GDORB0010039094\2025.05.27\97445_13.3_01834_Локальная смета.xls
2025-08-11 10:57:36,474 - DEBUG - Чтение файла C:\Users\SilantevGN\Desktop\Образцы файлов для разбора\ветхий\2026GDORB0010039094\2025.05.27\97445_13.3_01834_Локальная смета.xls с движком xlrd
2025-08-11 10:57:36,485 - DEBUG - что за хуйня тут происходит: C:\Users\SilantevGN\Desktop\Образцы файлов для разбора\ветхий\2026GDORB0010039117\2025.05.27\97445_13.3_00341_Локальная смета.xls
2025-08-11 10:57:36,485 - DEBUG - Чтение файла C:\Users\SilantevGN\Desktop\Образцы файлов для разбора\ветхий\2026GDORB0010039117\2025.05.27\97445_13.3_00341_Локальная смета.xls с движком xlrd
2025-08-11 10:57:36,492 - DEBUG - что за хуйня тут происходит: C:\Users\SilantevGN\Desktop\Образцы файлов для разбора\ветхий\2026GDORB0010039134\2025.05.27\97445_13.3_00307_Локальная смета.xlsx
2025-08-11 10:57:36,492 - DEBUG - Чтение файла C:\Users\SilantevGN\Desktop\Образцы файлов для разбора\ветхий\2026GDORB0010039134\2025.05.27\97445_13.3_00307_Локальная смета.xlsx с движком openpyxl
2025-08-11 10:58:49,146 - DEBUG - что за хуйня тут происходит: C:\Users\SilantevGN\Desktop\Образцы файлов для разбора\ветхий\2026GDORB0010039050\2025.05.28\97445_13.3_01847_Локальная смета.xlsx
2025-08-11 10:58:49,146 - DEBUG - Чтение файла C:\Users\SilantevGN\Desktop\Образцы файлов для разбора\ветхий\2026GDORB0010039050\2025.05.28\97445_13.3_01847_Локальная смета.xlsx с движком openpyxl
2025-08-11 10:58:49,163 - DEBUG - что за хуйня тут происходит: C:\Users\SilantevGN\Desktop\Образцы файлов для разбора\ветхий\2026GDORB0010039094\2025.05.27\97445_13.3_01834_Локальная смета.xls
2025-08-11 10:58:49,164 - DEBUG - Чтение файла C:\Users\SilantevGN\Desktop\Образцы файлов для разбора\ветхий\2026GDORB0010039094\2025.05.27\97445_13.3_01834_Локальная смета.xls с движком xlrd
2025-08-11 10:58:49,173 - DEBUG - что за хуйня тут происходит: C:\Users\SilantevGN\Desktop\Образцы файлов для разбора\ветхий\2026GDORB0010039117\2025.05.27\97445_13.3_00341_Локальная смета.xls
2025-08-11 10:58:49,173 - DEBUG - Чтение файла C:\Users\SilantevGN\Desktop\Образцы файлов для разбора\ветхий\2026GDORB0010039117\2025.05.27\97445_13.3_00341_Локальная смета.xls с движком xlrd
2025-08-11 10:58:49,179 - DEBUG - что за хуйня тут происходит: C:\Users\SilantevGN\Desktop\Образцы файлов для разбора\ветхий\2026GDORB0010039134\2025.05.27\97445_13.3_00307_Локальная смета.xlsx
2025-08-11 10:58:49,179 - DEBUG - Чтение файла C:\Users\SilantevGN\Desktop\Образцы файлов для разбора\ветхий\2026GDORB0010039134\2025.05.27\97445_13.3_00307_Локальная смета.xlsx с движком openpyxl
2025-08-11 10:58:55,706 - DEBUG - что за хуйня тут происходит: C:\Users\SilantevGN\Desktop\Образцы файлов для разбора\ветхий\2026GDORB0010039050\2025.05.28\97445_13.3_01847_Локальная смета.xlsx
2025-08-11 10:58:55,706 - DEBUG - Чтение файла C:\Users\SilantevGN\Desktop\Образцы файлов для разбора\ветхий\2026GDORB0010039050\2025.05.28\97445_13.3_01847_Локальная смета.xlsx с движком openpyxl
2025-08-11 10:58:55,723 - DEBUG - что за хуйня тут происходит: C:\Users\SilantevGN\Desktop\Образцы файлов для разбора\ветхий\2026GDORB0010039094\2025.05.27\97445_13.3_01834_Локальная смета.xls
2025-08-11 10:58:55,724 - DEBUG - Чтение файла C:\Users\SilantevGN\Desktop\Образцы файлов для разбора\ветхий\2026GDORB0010039094\2025.05.27\97445_13.3_01834_Локальная смета.xls с движком xlrd
2025-08-11 10:58:55,732 - DEBUG - что за хуйня тут происходит: C:\Users\SilantevGN\Desktop\Образцы файлов для разбора\ветхий\2026GDORB0010039117\2025.05.27\97445_13.3_00341_Локальная смета.xls
2025-08-11 10:58:55,732 - DEBUG - Чтение файла C:\Users\SilantevGN\Desktop\Образцы файлов для разбора\ветхий\2026GDORB0010039117\2025.05.27\97445_13.3_00341_Локальная смета.xls с движком xlrd
2025-08-11 10:58:55,739 - DEBUG - что за хуйня тут происходит: C:\Users\SilantevGN\Desktop\Образцы файлов для разбора\ветхий\2026GDORB0010039134\2025.05.27\97445_13.3_00307_Локальная смета.xlsx
2025-08-11 10:58:55,739 - DEBUG - Чтение файла C:\Users\SilantevGN\Desktop\Образцы файлов для разбора\ветхий\2026GDORB0010039134\2025.05.27\97445_13.3_00307_Локальная смета.xlsx с движком openpyxl
2025-08-11 10:59:03,761 - DEBUG - что за хуйня тут происходит: C:\Users\SilantevGN\Desktop\Образцы файлов для разбора\ветхий\2026GDORB0010039050\2025.05.28\97445_13.3_01847_Локальная смета.xlsx
2025-08-11 10:59:03,762 - DEBUG - Чтение файла C:\Users\SilantevGN\Desktop\Образцы файлов для разбора\ветхий\2026GDORB0010039050\2025.05.28\97445_13.3_01847_Локальная смета.xlsx с движком openpyxl
2025-08-11 10:59:03,780 - DEBUG - что за хуйня тут происходит: C:\Users\SilantevGN\Desktop\Образцы файлов для разбора\ветхий\2026GDORB0010039094\2025.05.27\97445_13.3_01834_Локальная смета.xls
2025-08-11 10:59:03,781 - DEBUG - Чтение файла C:\Users\SilantevGN\Desktop\Образцы файлов для разбора\ветхий\2026GDORB0010039094\2025.05.27\97445_13.3_01834_Локальная смета.xls с движком xlrd
2025-08-11 10:59:03,789 - DEBUG - что за хуйня тут происходит: C:\Users\SilantevGN\Desktop\Образцы файлов для разбора\ветхий\2026GDORB0010039117\2025.05.27\97445_13.3_00341_Локальная смета.xls
2025-08-11 10:59:03,790 - DEBUG - Чтение файла C:\Users\SilantevGN\Desktop\Образцы файлов для разбора\ветхий\2026GDORB0010039117\2025.05.27\97445_13.3_00341_Локальная смета.xls с движком xlrd
2025-08-11 10:59:03,795 - DEBUG - что за хуйня тут происходит: C:\Users\SilantevGN\Desktop\Образцы файлов для разбора\ветхий\2026GDORB0010039134\2025.05.27\97445_13.3_00307_Локальная смета.xlsx
2025-08-11 10:59:03,796 - DEBUG - Чтение файла C:\Users\SilantevGN\Desktop\Образцы файлов для разбора\ветхий\2026GDORB0010039134\2025.05.27\97445_13.3_00307_Локальная смета.xlsx с движком openpyxl
2025-08-11 11:38:50,195 - DEBUG - Чтение файла C:\Users\SilantevGN\Desktop\Образцы файлов для разбора\ветхий\2026GDORB0010039050\2025.05.28\97445_13.3_01847_Локальная смета.xlsx с движком openpyxl
2025-08-11 11:38:50,410 - DEBUG - Чтение файла C:\Users\SilantevGN\Desktop\Образцы файлов для разбора\ветхий\2026GDORB0010039094\2025.05.27\97445_13.3_01834_Локальная смета.xls с движком xlrd
2025-08-11 11:38:50,418 - DEBUG - Чтение файла C:\Users\SilantevGN\Desktop\Образцы файлов для разбора\ветхий\2026GDORB0010039117\2025.05.27\97445_13.3_00341_Локальная смета.xls с движком xlrd
2025-08-11 11:38:50,427 - DEBUG - Чтение файла C:\Users\SilantevGN\Desktop\Образцы файлов для разбора\ветхий\2026GDORB0010039134\2025.05.27\97445_13.3_00307_Локальная смета.xlsx с движком openpyxl
2025-08-11 11:46:05,954 - DEBUG - Чтение файла C:\Users\SilantevGN\Desktop\Образцы файлов для разбора\ветхий\2026GDORB0010039050\2025.05.28\97445_13.3_01847_Локальная смета.xlsx с движком openpyxl
2025-08-11 11:46:06,167 - DEBUG - Чтение файла C:\Users\SilantevGN\Desktop\Образцы файлов для разбора\ветхий\2026GDORB0010039094\2025.05.27\97445_13.3_01834_Локальная смета.xls с движком xlrd
2025-08-11 11:46:06,175 - DEBUG - Чтение файла C:\Users\SilantevGN\Desktop\Образцы файлов для разбора\ветхий\2026GDORB0010039117\2025.05.27\97445_13.3_00341_Локальная смета.xls с движком xlrd
2025-08-11 11:46:06,182 - DEBUG - Чтение файла C:\Users\SilantevGN\Desktop\Образцы файлов для разбора\ветхий\2026GDORB0010039134\2025.05.27\97445_13.3_00307_Локальная смета.xlsx с движком openpyxl
2025-08-11 11:47:54,217 - DEBUG - Чтение файла C:\Users\SilantevGN\Desktop\Образцы файлов для разбора\новый\20269757701065\2025.06.09\лс 14.2-1065.xlsx с движком openpyxl
2025-08-11 11:47:54,428 - DEBUG - Чтение файла C:\Users\SilantevGN\Desktop\Образцы файлов для разбора\новый\20269757702095\2025.06.09\лс 02-01-202137.xlsx с движком openpyxl
2025-08-11 11:47:54,456 - DEBUG - Чтение файла C:\Users\SilantevGN\Desktop\Образцы файлов для разбора\новый\20269757702095\2025.06.09\лс 1619-26-КР РММ.xlsx с движком openpyxl
2025-08-11 11:47:54,480 - DEBUG - Чтение файла C:\Users\SilantevGN\Desktop\Образцы файлов для разбора\новый\20269790101229\2025.05.28\116.Смета инв.№446359 116-КШ_2026 ТЗ 67,5  ДУ 50 PN1,6  15шт - ЛС 17 граф.xlsx с движком openpyxl
2025-08-11 11:47:54,523 - DEBUG - Чтение файла C:\Users\SilantevGN\Desktop\Образцы файлов для разбора\новый\20269790101675\2025.05.28\4.Смета инв.№446887 04-ЗД_2026 ТЗ 40,4  ДУ 150  - ЛС 17 граф.xlsx с движком openpyxl
2025-08-11 11:47:54,557 - DEBUG - Чтение файла C:\Users\SilantevGN\Desktop\Образцы файлов для разбора\новый\20269790101790\2025.05.29\188.Смета инв.№446580 188-ЗД_2026 ТЗ 7,6  ДУ 50 PN 2.5  2 шт  - ЛС 17 граф.xlsx с движком openpyxl
2025-08-11 11:47:54,593 - DEBUG - Чтение файла C:\Users\SilantevGN\Desktop\Образцы файлов для разбора\новый\20269790101880\2025.05.28\221.Смета инв.№446497 221-ЗД_2026 ТЗ 9,3  ДУ 50 PN 35 1,6 3 шт клапан обратный  - ЛС 17 граф.xlsx с движком openpyxl
2025-08-11 11:47:54,627 - DEBUG - Чтение файла C:\Users\SilantevGN\Desktop\Образцы файлов для разбора\новый\20269790102016\2025.05.28\39.Смета инв.№446605 39-КШ_2026 ТЗ 36,4 ДУ 150 PN10  4шт - ЛС 17 граф.xlsx с движком openpyxl
2025-08-11 12:03:20,037 - DEBUG - Чтение файла C:\Users\SilantevGN\Desktop\Образцы файлов для разбора\ветхий\2026GDORB0010039050\2025.05.28\97445_13.3_01847_Локальная смета.xlsx с движком openpyxl
2025-08-11 12:03:20,249 - DEBUG - Чтение файла C:\Users\SilantevGN\Desktop\Образцы файлов для разбора\ветхий\2026GDORB0010039094\2025.05.27\97445_13.3_01834_Локальная смета.xls с движком xlrd
2025-08-11 12:03:20,258 - DEBUG - Чтение файла C:\Users\SilantevGN\Desktop\Образцы файлов для разбора\ветхий\2026GDORB0010039117\2025.05.27\97445_13.3_00341_Локальная смета.xls с движком xlrd
2025-08-11 12:03:20,265 - DEBUG - Чтение файла C:\Users\SilantevGN\Desktop\Образцы файлов для разбора\ветхий\2026GDORB0010039134\2025.05.27\97445_13.3_00307_Локальная смета.xlsx с движком openpyxl
2025-08-11 12:03:28,026 - DEBUG - открыть в проводнике 1_Ак №319П-24 от 16.05.2024 У250-1 Ленты конвейера.pdf
2025-08-11 12:03:42,066 - DEBUG - открыть в проводнике 2_142000095606 ВД.pdf
2025-08-11 13:22:00,423 - DEBUG - Чтение файла C:\Users\SilantevGN\Desktop\Образцы файлов для разбора\ветхий\2026GDORB0010039050\2025.05.28\97445_13.3_01847_Локальная смета.xlsx с движком openpyxl
2025-08-11 13:22:00,720 - DEBUG - Чтение файла C:\Users\SilantevGN\Desktop\Образцы файлов для разбора\ветхий\2026GDORB0010039094\2025.05.27\97445_13.3_01834_Локальная смета.xls с движком xlrd
2025-08-11 13:22:00,729 - DEBUG - Чтение файла C:\Users\SilantevGN\Desktop\Образцы файлов для разбора\ветхий\2026GDORB0010039117\2025.05.27\97445_13.3_00341_Локальная смета.xls с движком xlrd
2025-08-11 13:22:00,735 - DEBUG - Чтение файла C:\Users\SilantevGN\Desktop\Образцы файлов для разбора\ветхий\2026GDORB0010039134\2025.05.27\97445_13.3_00307_Локальная смета.xlsx с движком openpyxl
2025-08-11 13:22:05,180 - DEBUG - открыть в проводнике C:\Users\SilantevGN\Desktop\Образцы файлов для разбора\ветхий\2026GDORB0010039050\2025.05.28\97445_13.3_01847_Локальная смета.gsfx
2025-08-11 13:22:18,580 - DEBUG - открыть в проводнике C:\Users\SilantevGN\Desktop\Образцы файлов для разбора\ветхий\2026GDORB0010039094\2025.05.27\97445_13.3_01834_ТКП_ТКП ОВиК СЭГ-2025г.671-05 от 29.10.2024 г..pdf
2025-08-11 13:22:26,029 - DEBUG - открыть в проводнике C:\Users\SilantevGN\Desktop\Образцы файлов для разбора\ветхий\2026GDORB0010039134\2025.05.27\97445_13.3_00307_Графики ППР,  ремонта, остановки оборудования.pdf
2025-08-11 13:22:29,996 - DEBUG - открыть в проводнике C:\Users\SilantevGN\Desktop\Образцы файлов для разбора\ветхий\2026GDORB0010039134\2025.05.27\97445_13.3_00307_ТКП_КП от ООО КЛАС 2026 01.11 2024.pdf
2025-08-11 13:22:33,101 - DEBUG - открыть в проводнике C:\Users\SilantevGN\Desktop\Образцы файлов для разбора\ветхий\2026GDORB0010039134\2025.05.27\97445_13.3_00307_ТКП_цены на то и тр кондиционеры.pdf
2025-08-11 13:22:40,741 - DEBUG - открыть в проводнике C:\Users\SilantevGN\Desktop\Образцы файлов для разбора\ветхий\2026GDORB0010039094\2025.05.27\97445_13.3_01834_ТКП_ТКП Стройтехнология.pdf
2025-08-11 13:22:43,741 - DEBUG - открыть в проводнике C:\Users\SilantevGN\Desktop\Образцы файлов для разбора\ветхий\2026GDORB0010039117\2025.05.27\97445_13.3_00341_НТД и ФЗ_1.jpg
2025-08-11 13:22:49,797 - DEBUG - открыть в проводнике C:\Users\SilantevGN\Desktop\Образцы файлов для разбора\ветхий\2026GDORB0010039117\2025.05.27\97445_13.3_00341_НТД и ФЗ_2.pdf
2025-08-11 13:22:53,437 - DEBUG - открыть в проводнике C:\Users\SilantevGN\Desktop\Образцы файлов для разбора\ветхий\2026GDORB0010039117\2025.05.27\97445_13.3_00341_НТД и ФЗ_3.pdf
2025-08-11 13:22:56,373 - DEBUG - открыть в проводнике C:\Users\SilantevGN\Desktop\Образцы файлов для разбора\ветхий\2026GDORB0010039094\2025.05.27\97445_13.3_01834_ТКП_ТКП Ремсервис.pdf
2025-08-11 13:23:00,357 - DEBUG - открыть в проводнике C:\Users\SilantevGN\Desktop\Образцы файлов для разбора\ветхий\2026GDORB0010039117\2025.05.27\97445_13.3_00341_НТД и ФЗ_4.pdf
2025-08-11 13:23:45,118 - DEBUG - открыть в проводнике C:\Users\SilantevGN\Desktop\Образцы файлов для разбора\ветхий\2026GDORB0010039117\2025.05.27\97445_13.3_00341_ДВ.pdf
2025-08-11 13:23:53,031 - DEBUG - открыть в проводнике C:\Users\SilantevGN\Desktop\Образцы файлов для разбора\ветхий\2026GDORB0010039134\2025.05.27\97445_13.3_00307_Ресурсная выборка.xlsx
