2025-08-22 09:03:25,690 - DEBUG - новое расширение: .xls, старое: 97445_13.3_00344_Локальная смета.xls
2025-08-22 09:03:25,691 - DEBUG - новое расширение: .xls, старое: 97445_13.3_00344_Локальная смета.xls
2025-08-22 09:14:02,564 - DEBUG - новое расширение: .gsfx, старое: 97445_13.3_00344_Локальная смета.gsfx
2025-08-22 09:14:02,565 - DEBUG - новое расширение: .gsfx, старое: 97445_13.3_00344_Локальная смета.gsfx
2025-08-22 09:14:18,084 - DEBUG - новое расширение: .gs, старое: 97445_13.3_00344_Локальная смета.gsfx
2025-08-22 09:14:18,085 - DEBUG - новое расширение: .gs, старое: 97445_13.3_00344_Локальная смета.gsfx
2025-08-22 09:14:27,652 - DEBUG - новое расширение: .gsfx, старое: 97445_13.3_00344_Локальная смета.gsfx
2025-08-22 09:14:27,653 - DEBUG - новое расширение: .gsfx, старое: 97445_13.3_00344_Локальная смета.gsfx
2025-08-22 10:08:42,897 - INFO - Скопирован: 3_РПЗ 141000039162.xlsx -> ПРОЧ-Перевозка-БАЗ-(ex. 3_РПЗ 141000039...).xlsx
2025-08-22 10:08:42,905 - INFO - Скопирован: 7_ВД 141000039162.pdf -> ПОДТВ-ДВ-1-БАЗ-(ex. 7_ВД 1410000391...).pdf
2025-08-22 10:08:42,910 - INFO - Скопирован: 97454_7.3_00384 ВР ЛСР GTSRG-1031-75-2026.pdf -> ФОРМА1.3-БАЗ-(ex. 97454_7.3_00384..).pdf
2025-08-22 10:08:42,913 - INFO - Скопирован: 97454_7.3_00384 ВР ЛСР GTSRG-1031-75-2026.xlsx -> ФОРМА1.3-БАЗ-(ex. 97454_7.3_00384..).xlsx
2025-08-22 10:08:42,918 - INFO - Скопирован: 97454_7.3_00384 ССР GTSRG-1031-76-2026-2.xlsx -> ССР-66-БАЗ-(ex. 97454_7.3_00384..).xlsx
2025-08-22 10:08:42,923 - INFO - Скопирован: 97454_7.3_00384 ССР GTSRG-1031-76-2026.pdf -> ССР-6-БАЗ-(ex. 97454_7.3_00384..).pdf
2025-08-22 10:08:42,927 - INFO - Скопирован: 97454_7.3_00384 ССР GTSRG-1031-76-2026.xlsx -> ССР-6-БАЗ-(ex. 97454_7.3_00384..).xlsx
2025-08-22 10:08:42,929 - INFO - Скопирован: ос-1619-26-КР.xlsx -> ОС-09-19-БАЗ-(ex. ос-1619-26-КР.x..).xlsx
2025-08-22 10:08:42,932 - INFO - Скопирован: Типовая смета 05-2026-2.xlsx -> ЛС-05-01-БАЗ-(ex. Типовая смета 0..).xlsx
2025-08-22 10:08:42,936 - INFO - Скопирован: Типовая смета 05-2026-3.xlsx -> ЛС-05-01-01-БАЗ-(ex. Типовая смета 0..).xlsx
2025-08-22 10:18:10,294 - INFO - Скопирован: 3_РПЗ 141000039162.xlsx -> ПРОЧ-Перевозка-БАЗ-(ex. 3_РПЗ 141000039...).xlsx
2025-08-22 10:18:11,543 - INFO - Скопирован: 7_ВД 141000039162.pdf -> ПОДТВ-ДВ-1-БАЗ-(ex. 7_ВД 1410000391...).pdf
2025-08-22 10:18:12,071 - INFO - Скопирован: 97454_7.3_00384 ВР ЛСР GTSRG-1031-75-2026.pdf -> ФОРМА1.3-БАЗ-(ex. 97454_7.3_00384..).pdf
2025-08-22 10:18:12,519 - INFO - Скопирован: 97454_7.3_00384 ВР ЛСР GTSRG-1031-75-2026.xlsx -> ФОРМА1.3-БАЗ-(ex. 97454_7.3_00384..).xlsx
2025-08-22 10:18:12,951 - INFO - Скопирован: 97454_7.3_00384 ССР GTSRG-1031-76-2026-2.xlsx -> ССР-66-БАЗ-(ex. 97454_7.3_00384..).xlsx
2025-08-22 10:18:13,382 - INFO - Скопирован: 97454_7.3_00384 ССР GTSRG-1031-76-2026.pdf -> ССР-6-БАЗ-(ex. 97454_7.3_00384..).pdf
2025-08-22 10:18:13,894 - INFO - Скопирован: 97454_7.3_00384 ССР GTSRG-1031-76-2026.xlsx -> ССР-6-БАЗ-(ex. 97454_7.3_00384..).xlsx
2025-08-22 10:18:14,392 - INFO - Скопирован: ос-1619-26-КР.xlsx -> ОС-09-19-БАЗ-(ex. ос-1619-26-КР.x..).xlsx
2025-08-22 10:18:14,887 - INFO - Скопирован: Типовая смета 05-2026-2.xlsx -> ЛС-05-01-БАЗ-(ex. Типовая смета 0..).xlsx
2025-08-22 10:18:15,383 - INFO - Скопирован: Типовая смета 05-2026-3.xlsx -> ЛС-05-01-01-БАЗ-(ex. Типовая смета 0..).xlsx
2025-08-22 10:25:19,077 - INFO - Скопирован: 3_РПЗ 141000039162.xlsx -> ПРОЧ-Перевозка-БАЗ-(ex. 3_РПЗ 141000039...).xlsx
2025-08-22 10:28:15,109 - ERROR - Файл ака.xlsx не найден
2025-08-22 13:27:37,083 - INFO - Скопирован: 97445_13.3_01847_ДВ.pdf -> ПОДТВ-ДВ-16-БАЗ-(ex. 97445_13.3_0184...).pdf
2025-08-22 13:27:37,266 - INFO - Скопирован: 97445_13.3_01847_РПЗ.xls -> ПРОЧ-Перевозка-БАЗ-(ex. 97445_13.3_0184...).xls
2025-08-22 13:27:37,416 - INFO - Скопирован: 97445_13.3_01847_ТКП_КП от ООО КЛАС 2026(5).pdf -> ПОДТВ-КП-17-БАЗ-(ex. 97445_13.3_0184...).pdf
2025-08-22 13:27:37,726 - INFO - Скопирован: 97445_13.3_01847_ТКП_ТКП ОВиК СЭГ-2025г.671-05 от 29.10.2024 г..pdf -> ПОДТВ-КП-18-БАЗ-(ex. 97445_13.3_0184...).pdf
2025-08-22 13:27:37,838 - INFO - Скопирован: 97445_13.3_01847_ТКП_ТКП Ремсервис.pdf -> ПОДТВ-КП-19-БАЗ-(ex. 97445_13.3_0184...).pdf
2025-08-22 13:27:37,974 - INFO - Скопирован: 97445_13.3_01847_ТКП_ТКП Стройтехнология.pdf -> ПОДТВ-КП-20-БАЗ-(ex. 97445_13.3_0184...).pdf
2025-08-22 14:27:47,216 - INFO - Скопирован: 97445_13.3_01847_ДВ.pdf -> ПОДТВ-ДВ-1-БАЗ-(ex. 97445_13.3_0184...).pdf
2025-08-22 14:27:47,232 - INFO - Скопирован: 97445_13.3_01847_Локальная смета.gsfx -> ЛС-00-00-01-БАЗ-(ex. 97445_13.3_0184..).gsfx
2025-08-22 14:27:47,449 - INFO - Скопирован: 97445_13.3_01847_Локальная смета.pdf -> ЛС-00-00-01-БАЗ-(ex. 97445_13.3_0184..).pdf
2025-08-22 14:27:47,457 - INFO - Скопирован: 97445_13.3_01847_Локальная смета.xlsx -> ЛС-00-00-01-БАЗ-(ex. 97445_13.3_0184..).xlsx
2025-08-22 14:27:47,527 - INFO - Скопирован: 97445_13.3_01847_РПЗ.xls -> ПРОЧ-Перевозка-БАЗ-(ex. 97445_13.3_0184...).xls
2025-08-22 14:27:47,699 - INFO - Скопирован: 97445_13.3_01847_ТКП_КП от ООО КЛАС 2026(5).pdf -> ПОДТВ-КП-2-БАЗ-(ex. 97445_13.3_0184...).pdf
2025-08-22 14:27:47,916 - INFO - Скопирован: 97445_13.3_01847_ТКП_ТКП ОВиК СЭГ-2025г.671-05 от 29.10.2024 г..pdf -> ПОДТВ-КП-3-БАЗ-(ex. 97445_13.3_0184...).pdf
2025-08-22 14:27:48,025 - INFO - Скопирован: 97445_13.3_01847_ТКП_ТКП Ремсервис.pdf -> ПОДТВ-КП-4-БАЗ-(ex. 97445_13.3_0184...).pdf
2025-08-22 14:27:48,143 - INFO - Скопирован: 97445_13.3_01847_ТКП_ТКП Стройтехнология.pdf -> ПОДТВ-КП-5-БАЗ-(ex. 97445_13.3_0184...).pdf
2025-08-22 14:29:07,507 - DEBUG - ДОБАВЛЯЕМ НОВЫЙ ТЭГ: name_tags
2025-08-22 14:29:07,507 - DEBUG - ДОБАВЛЯЕМ НОВЫЙ ТЭГ: name_tags
