2025-08-19 08:48:57,733 - DEBUG - обнаружен тэг "(локальная смета)"в файле: 1_СД 141000039162.xlsx
2025-08-19 08:48:58,255 - DEBUG - обнаружен тэг "ведомость мтр и комплектующих  к  gtsrg/1031/75/2026"в файле: 97454_7.3_00384 ВР ЛСР GTSRG-1031-75-2026.xlsx
2025-08-19 08:48:58,407 - DEBUG - обнаружен тэг "типовая локальная смета № 05-2026"в файле: Типовая смета 05-2026.xlsx
2025-08-19 08:56:21,131 - DEBUG - обнаружен тэг "(локальная смета)"в файле: 1_СД 141000039162.xlsx
2025-08-19 08:56:21,131 - DEBUG - обнаружен тэг "(локальная смета)"в файле: 1_СД 141000039162.xlsx
2025-08-19 08:56:21,273 - DEBUG - обнаружен тэг "ежедневная перевозка рабочих свыше 3-х км"в файле: 3_РПЗ 141000039162.xlsx
2025-08-19 08:56:21,273 - DEBUG - обнаружен тэг "ежедневная перевозка рабочих свыше 3-х км"в файле: 3_РПЗ 141000039162.xlsx
2025-08-19 08:56:21,970 - DEBUG - обнаружен тэг "ведомость мтр и комплектующих  к  gtsrg/1031/75/2026"в файле: 97454_7.3_00384 ВР ЛСР GTSRG-1031-75-2026.xlsx
2025-08-19 08:56:21,970 - DEBUG - обнаружен тэг "ведомость мтр и комплектующих  к  gtsrg/1031/75/2026"в файле: 97454_7.3_00384 ВР ЛСР GTSRG-1031-75-2026.xlsx
2025-08-19 08:56:22,311 - DEBUG - обнаружен тэг "объектная смета № 07.1-1619-97577_7.1_02095-2026-кр"в файле: ос-1619-26-КР.xlsx
2025-08-19 08:56:22,311 - DEBUG - обнаружен тэг "объектная смета № 07.1-1619-97577_7.1_02095-2026-кр"в файле: ос-1619-26-КР.xlsx
2025-08-19 08:56:22,401 - DEBUG - обнаружен тэг "типовая локальная смета № 05-2026"в файле: Типовая смета 05-2026.xlsx
2025-08-19 08:56:22,401 - DEBUG - обнаружен тэг "типовая локальная смета № 05-2026"в файле: Типовая смета 05-2026.xlsx
2025-08-19 13:54:09,648 - DEBUG - ДОБАВЛЯЕМ НОВЫЙ ТЭГ: name_tags
2025-08-19 13:54:09,648 - DEBUG - ДОБАВЛЯЕМ НОВЫЙ ТЭГ: name_tags
2025-08-19 13:54:09,648 - DEBUG - ДОБАВЛЯЕМ НОВЫЙ ТЭГ: name_tags
2025-08-19 13:54:09,648 - DEBUG - ДОБАВЛЯЕМ НОВЫЙ ТЭГ: name_tags
2025-08-19 13:54:09,648 - DEBUG - ДОБАВЛЯЕМ НОВЫЙ ТЭГ: name_tags
2025-08-19 13:54:09,648 - DEBUG - ДОБАВЛЯЕМ НОВЫЙ ТЭГ: name_tags
2025-08-19 13:54:09,648 - DEBUG - ДОБАВЛЯЕМ НОВЫЙ ТЭГ: name_tags
2025-08-19 13:54:09,648 - DEBUG - ДОБАВЛЯЕМ НОВЫЙ ТЭГ: name_tags
2025-08-19 13:54:09,648 - DEBUG - ДОБАВЛЯЕМ НОВЫЙ ТЭГ: name_tags
2025-08-19 13:54:09,648 - DEBUG - ДОБАВЛЯЕМ НОВЫЙ ТЭГ: name_tags
2025-08-19 13:54:09,648 - DEBUG - ДОБАВЛЯЕМ НОВЫЙ ТЭГ: name_tags
2025-08-19 13:54:09,648 - DEBUG - ДОБАВЛЯЕМ НОВЫЙ ТЭГ: name_tags
2025-08-19 13:54:09,648 - DEBUG - ДОБАВЛЯЕМ НОВЫЙ ТЭГ: name_tags
2025-08-19 13:54:09,648 - DEBUG - ДОБАВЛЯЕМ НОВЫЙ ТЭГ: name_tags
2025-08-19 13:54:32,249 - DEBUG - ДОБАВЛЯЕМ НОВЫЙ ТЭГ: name_tags
2025-08-19 13:54:32,249 - DEBUG - ДОБАВЛЯЕМ НОВЫЙ ТЭГ: name_tags
2025-08-19 13:54:32,249 - DEBUG - ДОБАВЛЯЕМ НОВЫЙ ТЭГ: name_tags
2025-08-19 13:54:32,249 - DEBUG - ДОБАВЛЯЕМ НОВЫЙ ТЭГ: name_tags
2025-08-19 13:54:32,249 - DEBUG - ДОБАВЛЯЕМ НОВЫЙ ТЭГ: name_tags
2025-08-19 13:54:32,249 - DEBUG - ДОБАВЛЯЕМ НОВЫЙ ТЭГ: name_tags
2025-08-19 13:54:32,249 - DEBUG - ДОБАВЛЯЕМ НОВЫЙ ТЭГ: name_tags
2025-08-19 13:54:32,249 - DEBUG - ДОБАВЛЯЕМ НОВЫЙ ТЭГ: name_tags
2025-08-19 13:54:32,249 - DEBUG - ДОБАВЛЯЕМ НОВЫЙ ТЭГ: name_tags
2025-08-19 13:54:32,249 - DEBUG - ДОБАВЛЯЕМ НОВЫЙ ТЭГ: name_tags
2025-08-19 13:54:32,249 - DEBUG - ДОБАВЛЯЕМ НОВЫЙ ТЭГ: name_tags
2025-08-19 13:54:32,249 - DEBUG - ДОБАВЛЯЕМ НОВЫЙ ТЭГ: name_tags
2025-08-19 13:54:32,249 - DEBUG - ДОБАВЛЯЕМ НОВЫЙ ТЭГ: name_tags
2025-08-19 13:54:32,249 - DEBUG - ДОБАВЛЯЕМ НОВЫЙ ТЭГ: name_tags
2025-08-19 14:53:24,739 - DEBUG - ДОБАВЛЯЕМ НОВЫЙ ТЭГ: name_tags
2025-08-19 14:53:24,739 - DEBUG - ДОБАВЛЯЕМ НОВЫЙ ТЭГ: name_tags
2025-08-19 14:53:34,955 - DEBUG - ДОБАВЛЯЕМ НОВЫЙ ТЭГ: name_tags
2025-08-19 14:53:34,955 - DEBUG - ДОБАВЛЯЕМ НОВЫЙ ТЭГ: name_tags
2025-08-19 14:53:34,955 - DEBUG - ДОБАВЛЯЕМ НОВЫЙ ТЭГ: name_tags
2025-08-19 14:53:34,955 - DEBUG - ДОБАВЛЯЕМ НОВЫЙ ТЭГ: name_tags
2025-08-19 14:53:48,683 - DEBUG - ДОБАВЛЯЕМ НОВЫЙ ТЭГ: name_tags
2025-08-19 14:53:48,683 - DEBUG - ДОБАВЛЯЕМ НОВЫЙ ТЭГ: name_tags
2025-08-19 14:53:48,683 - DEBUG - ДОБАВЛЯЕМ НОВЫЙ ТЭГ: name_tags
2025-08-19 14:53:48,683 - DEBUG - ДОБАВЛЯЕМ НОВЫЙ ТЭГ: name_tags
2025-08-19 14:53:48,683 - DEBUG - ДОБАВЛЯЕМ НОВЫЙ ТЭГ: name_tags
2025-08-19 14:53:48,683 - DEBUG - ДОБАВЛЯЕМ НОВЫЙ ТЭГ: name_tags
2025-08-19 14:57:54,517 - DEBUG - ДОБАВЛЯЕМ НОВЫЙ ТЭГ: name_tags
2025-08-19 14:57:54,517 - DEBUG - ДОБАВЛЯЕМ НОВЫЙ ТЭГ: name_tags
2025-08-19 14:57:54,517 - DEBUG - ДОБАВЛЯЕМ НОВЫЙ ТЭГ: name_tags
2025-08-19 14:57:54,517 - DEBUG - ДОБАВЛЯЕМ НОВЫЙ ТЭГ: name_tags
2025-08-19 14:58:05,877 - DEBUG - ДОБАВЛЯЕМ НОВЫЙ ТЭГ: name_tags
2025-08-19 14:58:05,877 - DEBUG - ДОБАВЛЯЕМ НОВЫЙ ТЭГ: name_tags
2025-08-19 14:58:05,877 - DEBUG - ДОБАВЛЯЕМ НОВЫЙ ТЭГ: name_tags
2025-08-19 14:58:05,877 - DEBUG - ДОБАВЛЯЕМ НОВЫЙ ТЭГ: name_tags
2025-08-19 14:58:05,877 - DEBUG - ДОБАВЛЯЕМ НОВЫЙ ТЭГ: name_tags
2025-08-19 14:58:05,877 - DEBUG - ДОБАВЛЯЕМ НОВЫЙ ТЭГ: name_tags
2025-08-19 14:58:05,877 - DEBUG - ДОБАВЛЯЕМ НОВЫЙ ТЭГ: name_tags
2025-08-19 14:58:05,877 - DEBUG - ДОБАВЛЯЕМ НОВЫЙ ТЭГ: name_tags
2025-08-19 15:04:44,743 - DEBUG - ДОБАВЛЯЕМ НОВЫЙ ТЭГ: name_tags
2025-08-19 15:04:44,743 - DEBUG - ДОБАВЛЯЕМ НОВЫЙ ТЭГ: name_tags
2025-08-19 15:04:44,743 - DEBUG - ДОБАВЛЯЕМ НОВЫЙ ТЭГ: name_tags
2025-08-19 15:04:44,743 - DEBUG - ДОБАВЛЯЕМ НОВЫЙ ТЭГ: name_tags
2025-08-19 15:04:44,743 - DEBUG - ДОБАВЛЯЕМ НОВЫЙ ТЭГ: name_tags
2025-08-19 15:04:50,935 - DEBUG - ДОБАВЛЯЕМ НОВЫЙ ТЭГ: name_tags
2025-08-19 15:04:50,935 - DEBUG - ДОБАВЛЯЕМ НОВЫЙ ТЭГ: name_tags
2025-08-19 15:04:50,935 - DEBUG - ДОБАВЛЯЕМ НОВЫЙ ТЭГ: name_tags
2025-08-19 15:04:50,935 - DEBUG - ДОБАВЛЯЕМ НОВЫЙ ТЭГ: name_tags
2025-08-19 15:04:50,935 - DEBUG - ДОБАВЛЯЕМ НОВЫЙ ТЭГ: name_tags
2025-08-19 15:04:50,935 - DEBUG - ДОБАВЛЯЕМ НОВЫЙ ТЭГ: name_tags
2025-08-19 15:04:50,935 - DEBUG - ДОБАВЛЯЕМ НОВЫЙ ТЭГ: name_tags
2025-08-19 15:04:50,935 - DEBUG - ДОБАВЛЯЕМ НОВЫЙ ТЭГ: name_tags
2025-08-19 15:05:01,144 - DEBUG - ДОБАВЛЯЕМ НОВЫЙ ТЭГ: name_tags
2025-08-19 15:05:01,144 - DEBUG - ДОБАВЛЯЕМ НОВЫЙ ТЭГ: name_tags
2025-08-19 15:05:01,144 - DEBUG - ДОБАВЛЯЕМ НОВЫЙ ТЭГ: name_tags
2025-08-19 15:05:01,144 - DEBUG - ДОБАВЛЯЕМ НОВЫЙ ТЭГ: name_tags
2025-08-19 15:05:01,144 - DEBUG - ДОБАВЛЯЕМ НОВЫЙ ТЭГ: name_tags
2025-08-19 15:05:01,144 - DEBUG - ДОБАВЛЯЕМ НОВЫЙ ТЭГ: name_tags
2025-08-19 15:05:01,144 - DEBUG - ДОБАВЛЯЕМ НОВЫЙ ТЭГ: name_tags
2025-08-19 15:05:01,144 - DEBUG - ДОБАВЛЯЕМ НОВЫЙ ТЭГ: name_tags
2025-08-19 15:18:15,370 - DEBUG - ДОБАВЛЯЕМ НОВЫЙ ТЭГ: name_tags
2025-08-19 15:18:15,370 - DEBUG - ДОБАВЛЯЕМ НОВЫЙ ТЭГ: name_tags
2025-08-19 15:18:15,370 - DEBUG - ДОБАВЛЯЕМ НОВЫЙ ТЭГ: name_tags
2025-08-19 15:23:06,718 - DEBUG - ДОБАВЛЯЕМ НОВЫЙ ТЭГ: name_tags
2025-08-19 15:23:06,718 - DEBUG - ДОБАВЛЯЕМ НОВЫЙ ТЭГ: name_tags
2025-08-19 15:23:06,718 - DEBUG - ДОБАВЛЯЕМ НОВЫЙ ТЭГ: name_tags
2025-08-19 15:23:10,166 - DEBUG - ДОБАВЛЯЕМ НОВЫЙ ТЭГ: name_tags
2025-08-19 15:23:10,166 - DEBUG - ДОБАВЛЯЕМ НОВЫЙ ТЭГ: name_tags
2025-08-19 15:23:10,166 - DEBUG - ДОБАВЛЯЕМ НОВЫЙ ТЭГ: name_tags
2025-08-19 15:25:30,303 - DEBUG - ДОБАВЛЯЕМ НОВЫЙ ТЭГ: name_tags
2025-08-19 15:25:30,303 - DEBUG - ДОБАВЛЯЕМ НОВЫЙ ТЭГ: name_tags
2025-08-19 15:25:30,303 - DEBUG - ДОБАВЛЯЕМ НОВЫЙ ТЭГ: name_tags
2025-08-19 15:25:36,783 - DEBUG - ДОБАВЛЯЕМ НОВЫЙ ТЭГ: name_tags
2025-08-19 15:25:36,783 - DEBUG - ДОБАВЛЯЕМ НОВЫЙ ТЭГ: name_tags
2025-08-19 15:25:36,783 - DEBUG - ДОБАВЛЯЕМ НОВЫЙ ТЭГ: name_tags
2025-08-19 15:25:36,783 - DEBUG - ДОБАВЛЯЕМ НОВЫЙ ТЭГ: name_tags
2025-08-19 15:34:52,115 - DEBUG - ДОБАВЛЯЕМ НОВЫЙ ТЭГ: name_tags
2025-08-19 15:34:52,115 - DEBUG - ДОБАВЛЯЕМ НОВЫЙ ТЭГ: name_tags
2025-08-19 15:34:52,115 - DEBUG - ДОБАВЛЯЕМ НОВЫЙ ТЭГ: name_tags
2025-08-19 15:34:52,115 - DEBUG - ДОБАВЛЯЕМ НОВЫЙ ТЭГ: name_tags
2025-08-19 15:34:57,571 - DEBUG - ДОБАВЛЯЕМ НОВЫЙ ТЭГ: name_tags
2025-08-19 15:34:57,571 - DEBUG - ДОБАВЛЯЕМ НОВЫЙ ТЭГ: name_tags
2025-08-19 15:34:57,571 - DEBUG - ДОБАВЛЯЕМ НОВЫЙ ТЭГ: name_tags
2025-08-19 15:34:57,571 - DEBUG - ДОБАВЛЯЕМ НОВЫЙ ТЭГ: name_tags
2025-08-19 15:37:02,803 - DEBUG - ДОБАВЛЯЕМ НОВЫЙ ТЭГ: name_tags
2025-08-19 15:37:02,803 - DEBUG - ДОБАВЛЯЕМ НОВЫЙ ТЭГ: name_tags
2025-08-19 15:37:02,803 - DEBUG - ДОБАВЛЯЕМ НОВЫЙ ТЭГ: name_tags
2025-08-19 15:37:08,443 - DEBUG - ДОБАВЛЯЕМ НОВЫЙ ТЭГ: name_tags
2025-08-19 15:37:08,443 - DEBUG - ДОБАВЛЯЕМ НОВЫЙ ТЭГ: name_tags
2025-08-19 15:37:08,443 - DEBUG - ДОБАВЛЯЕМ НОВЫЙ ТЭГ: name_tags
2025-08-19 15:45:46,349 - DEBUG - ДОБАВЛЯЕМ НОВЫЙ ТЭГ: name_tags
2025-08-19 15:45:46,349 - DEBUG - ДОБАВЛЯЕМ НОВЫЙ ТЭГ: name_tags
2025-08-19 15:45:53,485 - DEBUG - ДОБАВЛЯЕМ НОВЫЙ ТЭГ: name_tags
2025-08-19 15:45:53,485 - DEBUG - ДОБАВЛЯЕМ НОВЫЙ ТЭГ: name_tags
2025-08-19 15:45:53,485 - DEBUG - ДОБАВЛЯЕМ НОВЫЙ ТЭГ: name_tags
2025-08-19 15:46:03,237 - DEBUG - ДОБАВЛЯЕМ НОВЫЙ ТЭГ: name_tags
2025-08-19 15:46:03,237 - DEBUG - ДОБАВЛЯЕМ НОВЫЙ ТЭГ: name_tags
2025-08-19 15:46:03,237 - DEBUG - ДОБАВЛЯЕМ НОВЫЙ ТЭГ: name_tags
2025-08-19 15:46:03,237 - DEBUG - ДОБАВЛЯЕМ НОВЫЙ ТЭГ: name_tags
2025-08-19 15:57:28,798 - DEBUG - ДОБАВЛЯЕМ НОВЫЙ ТЭГ: name_tags
2025-08-19 15:57:28,798 - DEBUG - ДОБАВЛЯЕМ НОВЫЙ ТЭГ: name_tags
2025-08-19 15:57:28,798 - DEBUG - ДОБАВЛЯЕМ НОВЫЙ ТЭГ: name_tags
2025-08-19 15:57:28,798 - DEBUG - ДОБАВЛЯЕМ НОВЫЙ ТЭГ: name_tags
2025-08-19 15:58:21,054 - DEBUG - ДОБАВЛЯЕМ НОВЫЙ ТЭГ: name_tags
2025-08-19 15:58:21,054 - DEBUG - ДОБАВЛЯЕМ НОВЫЙ ТЭГ: name_tags
2025-08-19 15:58:21,054 - DEBUG - ДОБАВЛЯЕМ НОВЫЙ ТЭГ: name_tags
2025-08-19 15:58:21,054 - DEBUG - ДОБАВЛЯЕМ НОВЫЙ ТЭГ: name_tags
2025-08-19 16:01:14,767 - DEBUG - ЗАКРЫТИЕ ОКНА
2025-08-19 16:01:14,767 - DEBUG - ЗАКРЫТИЕ ОКНА
2025-08-19 16:01:21,991 - DEBUG - ЗАКРЫТИЕ ОКНА
2025-08-19 16:01:21,991 - DEBUG - ЗАКРЫТИЕ ОКНА
2025-08-19 16:01:21,991 - DEBUG - ЗАКРЫТИЕ ОКНА
2025-08-19 16:01:34,151 - DEBUG - ЗАКРЫТИЕ ОКНА
2025-08-19 16:01:34,151 - DEBUG - ЗАКРЫТИЕ ОКНА
2025-08-19 16:01:34,151 - DEBUG - ЗАКРЫТИЕ ОКНА
2025-08-19 16:01:34,151 - DEBUG - ЗАКРЫТИЕ ОКНА
2025-08-19 16:01:44,231 - DEBUG - ЗАКРЫТИЕ ОКНА
2025-08-19 16:01:44,231 - DEBUG - ЗАКРЫТИЕ ОКНА
2025-08-19 16:01:44,231 - DEBUG - ЗАКРЫТИЕ ОКНА
2025-08-19 16:01:44,231 - DEBUG - ЗАКРЫТИЕ ОКНА
2025-08-19 16:01:44,231 - DEBUG - ЗАКРЫТИЕ ОКНА
2025-08-19 16:01:50,927 - DEBUG - ЗАКРЫТИЕ ОКНА
2025-08-19 16:01:50,927 - DEBUG - ЗАКРЫТИЕ ОКНА
2025-08-19 16:01:50,927 - DEBUG - ЗАКРЫТИЕ ОКНА
2025-08-19 16:01:50,927 - DEBUG - ЗАКРЫТИЕ ОКНА
2025-08-19 16:01:50,927 - DEBUG - ЗАКРЫТИЕ ОКНА
2025-08-19 16:01:50,927 - DEBUG - ЗАКРЫТИЕ ОКНА
2025-08-19 16:07:34,796 - DEBUG - ЗАКРЫТИЕ ОКНА
2025-08-19 16:07:34,796 - DEBUG - ЗАКРЫТИЕ ОКНА
2025-08-19 16:07:37,956 - DEBUG - ЗАКРЫТИЕ ОКНА
2025-08-19 16:07:37,956 - DEBUG - ЗАКРЫТИЕ ОКНА
2025-08-19 16:07:56,485 - DEBUG - ДОБАВЛЯЕМ НОВЫЙ ТЭГ: name_tags
2025-08-19 16:07:56,485 - DEBUG - ДОБАВЛЯЕМ НОВЫЙ ТЭГ: name_tags
2025-08-19 16:07:56,485 - DEBUG - ДОБАВЛЯЕМ НОВЫЙ ТЭГ: name_tags
2025-08-19 16:07:59,061 - DEBUG - ДОБАВЛЯЕМ НОВЫЙ ТЭГ: name_tags
2025-08-19 16:07:59,061 - DEBUG - ДОБАВЛЯЕМ НОВЫЙ ТЭГ: name_tags
2025-08-19 16:07:59,061 - DEBUG - ДОБАВЛЯЕМ НОВЫЙ ТЭГ: name_tags
2025-08-19 16:08:04,725 - DEBUG - ДОБАВЛЯЕМ НОВЫЙ ТЭГ: name_tags
2025-08-19 16:08:04,725 - DEBUG - ДОБАВЛЯЕМ НОВЫЙ ТЭГ: name_tags
2025-08-19 16:08:04,725 - DEBUG - ДОБАВЛЯЕМ НОВЫЙ ТЭГ: name_tags
2025-08-19 16:08:04,725 - DEBUG - ДОБАВЛЯЕМ НОВЫЙ ТЭГ: name_tags
2025-08-19 16:13:07,791 - DEBUG - ЗАКРЫТИЕ ОКНА
2025-08-19 16:13:07,791 - DEBUG - ЗАКРЫТИЕ ОКНА
2025-08-19 16:13:07,791 - DEBUG - ЗАКРЫТИЕ ОКНА
2025-08-19 16:13:07,791 - DEBUG - ЗАКРЫТИЕ ОКНА
2025-08-19 16:13:07,795 - DEBUG - ЗАКРЫТИЕ ОКНА
2025-08-19 16:13:07,795 - DEBUG - ЗАКРЫТИЕ ОКНА
2025-08-19 16:13:07,795 - DEBUG - ЗАКРЫТИЕ ОКНА
2025-08-19 16:13:07,795 - DEBUG - ЗАКРЫТИЕ ОКНА
2025-08-19 16:13:15,154 - DEBUG - ЗАКРЫТИЕ ОКНА
2025-08-19 16:13:15,154 - DEBUG - ЗАКРЫТИЕ ОКНА
2025-08-19 16:15:56,303 - DEBUG - ДОБАВЛЯЕМ НОВЫЙ ТЭГ: name_tags
2025-08-19 16:15:56,303 - DEBUG - ДОБАВЛЯЕМ НОВЫЙ ТЭГ: name_tags
2025-08-19 16:15:56,303 - DEBUG - ДОБАВЛЯЕМ НОВЫЙ ТЭГ: name_tags
2025-08-19 16:16:02,368 - DEBUG - ЗАКРЫТИЕ ОКНА
2025-08-19 16:16:02,368 - DEBUG - ЗАКРЫТИЕ ОКНА
2025-08-19 16:16:02,368 - DEBUG - ЗАКРЫТИЕ ОКНА
2025-08-19 16:16:02,368 - DEBUG - ЗАКРЫТИЕ ОКНА
2025-08-19 16:16:08,479 - DEBUG - ДОБАВЛЯЕМ НОВЫЙ ТЭГ: name_tags
2025-08-19 16:16:08,479 - DEBUG - ДОБАВЛЯЕМ НОВЫЙ ТЭГ: name_tags
2025-08-19 16:16:08,479 - DEBUG - ДОБАВЛЯЕМ НОВЫЙ ТЭГ: name_tags
2025-08-19 16:16:08,479 - DEBUG - ДОБАВЛЯЕМ НОВЫЙ ТЭГ: name_tags
2025-08-19 16:16:10,527 - DEBUG - ЗАКРЫТИЕ ОКНА
2025-08-19 16:16:10,527 - DEBUG - ЗАКРЫТИЕ ОКНА
2025-08-19 16:16:10,527 - DEBUG - ЗАКРЫТИЕ ОКНА
2025-08-19 16:16:10,527 - DEBUG - ЗАКРЫТИЕ ОКНА
2025-08-19 16:41:09,347 - DEBUG - ДОБАВЛЯЕМ НОВЫЙ ТЭГ: name_tags
2025-08-19 16:41:09,347 - DEBUG - ДОБАВЛЯЕМ НОВЫЙ ТЭГ: name_tags
2025-08-19 16:41:13,171 - DEBUG - ДОБАВЛЯЕМ НОВЫЙ ТЭГ: name_tags
2025-08-19 16:41:13,171 - DEBUG - ДОБАВЛЯЕМ НОВЫЙ ТЭГ: name_tags
2025-08-19 16:41:13,171 - DEBUG - ДОБАВЛЯЕМ НОВЫЙ ТЭГ: name_tags
