2025-08-15 10:52:44,653 - DEBUG - ДОБАВЛЯЕМ НОВЫЙ ТЭГ: name_tags
2025-08-15 10:52:44,653 - DEBUG - ДОБАВЛЯЕМ НОВЫЙ ТЭГ: name_tags
2025-08-15 10:52:55,053 - DEBUG - ДОБАВЛЯЕМ НОВЫЙ ТЭГ: internal_tags
2025-08-15 10:52:55,053 - DEBUG - ДОБАВЛЯЕМ НОВЫЙ ТЭГ: internal_tags
2025-08-15 10:52:58,133 - DEBUG - ДОБАВЛЯЕМ НОВЫЙ ТЭГ: internal_tags
2025-08-15 10:52:58,133 - DEBUG - ДОБАВЛЯЕМ НОВЫЙ ТЭГ: internal_tags
2025-08-15 10:53:10,206 - DEBUG - ДОБАВЛЯЕМ НОВЫЙ ТЭГ: internal_tags
2025-08-15 10:53:10,206 - DEBUG - ДОБАВЛЯЕМ НОВЫЙ ТЭГ: internal_tags
2025-08-15 10:53:22,390 - DEBUG - ДОБАВЛЯЕМ НОВЫЙ ТЭГ: name_tags
2025-08-15 10:53:22,390 - DEBUG - ДОБАВЛЯЕМ НОВЫЙ ТЭГ: name_tags
2025-08-15 10:53:22,390 - DEBUG - ДОБАВЛЯЕМ НОВЫЙ ТЭГ: name_tags
2025-08-15 10:53:46,878 - DEBUG - ДОБАВЛЯЕМ НОВЫЙ ТЭГ: internal_tags
2025-08-15 10:53:46,878 - DEBUG - ДОБАВЛЯЕМ НОВЫЙ ТЭГ: internal_tags
2025-08-15 10:53:46,878 - DEBUG - ДОБАВЛЯЕМ НОВЫЙ ТЭГ: internal_tags
2025-08-15 10:55:26,327 - DEBUG - ДОБАВЛЯЕМ НОВЫЙ ТЭГ: name_tags
2025-08-15 10:55:26,327 - DEBUG - ДОБАВЛЯЕМ НОВЫЙ ТЭГ: name_tags
2025-08-15 10:55:27,823 - DEBUG - ДОБАВЛЯЕМ НОВЫЙ ТЭГ: internal_tags
2025-08-15 10:55:27,823 - DEBUG - ДОБАВЛЯЕМ НОВЫЙ ТЭГ: internal_tags
2025-08-15 10:58:45,392 - DEBUG - ДОБАВЛЯЕМ НОВЫЙ ТЭГ: name_tags
2025-08-15 10:58:45,392 - DEBUG - ДОБАВЛЯЕМ НОВЫЙ ТЭГ: name_tags
2025-08-15 10:58:49,503 - DEBUG - ДОБАВЛЯЕМ НОВЫЙ ТЭГ: internal_tags
2025-08-15 10:58:49,503 - DEBUG - ДОБАВЛЯЕМ НОВЫЙ ТЭГ: internal_tags
2025-08-15 10:58:55,623 - DEBUG - ДОБАВЛЯЕМ НОВЫЙ ТЭГ: internal_tags
2025-08-15 10:58:55,623 - DEBUG - ДОБАВЛЯЕМ НОВЫЙ ТЭГ: internal_tags
2025-08-15 10:58:59,527 - DEBUG - ДОБАВЛЯЕМ НОВЫЙ ТЭГ: name_tags
2025-08-15 10:58:59,527 - DEBUG - ДОБАВЛЯЕМ НОВЫЙ ТЭГ: name_tags
2025-08-15 10:59:26,655 - DEBUG - ДОБАВЛЯЕМ НОВЫЙ ТЭГ: name_tags
2025-08-15 10:59:26,655 - DEBUG - ДОБАВЛЯЕМ НОВЫЙ ТЭГ: name_tags
2025-08-15 10:59:33,575 - DEBUG - ДОБАВЛЯЕМ НОВЫЙ ТЭГ: internal_tags
2025-08-15 10:59:33,575 - DEBUG - ДОБАВЛЯЕМ НОВЫЙ ТЭГ: internal_tags
2025-08-15 10:59:40,120 - DEBUG - ДОБАВЛЯЕМ НОВЫЙ ТЭГ: name_tags
2025-08-15 10:59:40,120 - DEBUG - ДОБАВЛЯЕМ НОВЫЙ ТЭГ: name_tags
2025-08-15 10:59:50,327 - DEBUG - ДОБАВЛЯЕМ НОВЫЙ ТЭГ: internal_tags
2025-08-15 10:59:50,327 - DEBUG - ДОБАВЛЯЕМ НОВЫЙ ТЭГ: internal_tags
2025-08-15 11:08:46,676 - DEBUG - обнаружен тэг "(локальная смета)"в файле: 1_СД 141000039162.xlsx
2025-08-15 11:08:46,676 - DEBUG - обнаружен тэг "(локальная смета)"в файле: 1_СД 141000039162.xlsx
2025-08-15 11:08:46,769 - DEBUG - обнаружен тэг "основание: ведомость дефектов №141000039162, инв.№124805"в файле: 3_РПЗ 141000039162.xlsx
2025-08-15 11:08:46,769 - DEBUG - обнаружен тэг "основание: ведомость дефектов №141000039162, инв.№124805"в файле: 3_РПЗ 141000039162.xlsx
2025-08-15 11:08:46,834 - DEBUG - обнаружен тэг "основание ведомость дефектов"в файле: 97454_7.3_00384 ССР GTSRG-1031-76-2026.xlsx
2025-08-15 11:08:46,834 - DEBUG - обнаружен тэг "основание ведомость дефектов"в файле: 97454_7.3_00384 ССР GTSRG-1031-76-2026.xlsx
2025-08-15 11:08:46,969 - DEBUG - обнаружен тэг "типовая локальная смета № 05-2026"в файле: Типовая смета 05-2026.xlsx
2025-08-15 11:08:46,969 - DEBUG - обнаружен тэг "типовая локальная смета № 05-2026"в файле: Типовая смета 05-2026.xlsx
2025-08-15 11:36:26,049 - DEBUG - обнаружен тэг "(локальная смета)"в файле: 1_СД 141000039162.xlsx
2025-08-15 11:36:26,535 - DEBUG - обнаружен тэг "типовая локальная смета № 05-2026"в файле: Типовая смета 05-2026.xlsx
2025-08-15 13:36:34,833 - DEBUG - обнаружен тэг "(локальная смета)"в файле: 1_СД 141000039162.xlsx
2025-08-15 13:36:35,306 - DEBUG - обнаружен тэг "типовая локальная смета № 05-2026"в файле: Типовая смета 05-2026.xlsx
2025-08-15 13:39:09,767 - DEBUG - обнаружен тэг "(локальная смета)"в файле: 1_СД 141000039162.xlsx
2025-08-15 13:39:10,238 - DEBUG - обнаружен тэг "типовая локальная смета № 05-2026"в файле: Типовая смета 05-2026.xlsx
2025-08-15 13:40:25,976 - DEBUG - ДОБАВЛЯЕМ НОВЫЙ ТЭГ: internal_tags
2025-08-15 13:40:25,976 - DEBUG - ДОБАВЛЯЕМ НОВЫЙ ТЭГ: internal_tags
2025-08-15 13:40:25,976 - DEBUG - ДОБАВЛЯЕМ НОВЫЙ ТЭГ: internal_tags
2025-08-15 13:40:32,848 - DEBUG - обнаружен тэг "(локальная смета)"в файле: 1_СД 141000039162.xlsx
2025-08-15 13:40:32,848 - DEBUG - обнаружен тэг "(локальная смета)"в файле: 1_СД 141000039162.xlsx
2025-08-15 13:40:32,848 - DEBUG - обнаружен тэг "(локальная смета)"в файле: 1_СД 141000039162.xlsx
2025-08-15 13:40:33,347 - DEBUG - обнаружен тэг "типовая локальная смета № 05-2026"в файле: Типовая смета 05-2026.xlsx
2025-08-15 13:40:33,347 - DEBUG - обнаружен тэг "типовая локальная смета № 05-2026"в файле: Типовая смета 05-2026.xlsx
2025-08-15 13:40:33,347 - DEBUG - обнаружен тэг "типовая локальная смета № 05-2026"в файле: Типовая смета 05-2026.xlsx
2025-08-15 13:42:06,318 - DEBUG - обнаружен тэг "(локальная смета)"в файле: 1_СД 141000039162.xlsx
2025-08-15 13:42:06,318 - DEBUG - обнаружен тэг "(локальная смета)"в файле: 1_СД 141000039162.xlsx
2025-08-15 13:42:06,318 - DEBUG - обнаружен тэг "(локальная смета)"в файле: 1_СД 141000039162.xlsx
2025-08-15 13:42:06,782 - DEBUG - обнаружен тэг "типовая локальная смета № 05-2026"в файле: Типовая смета 05-2026.xlsx
2025-08-15 13:42:06,782 - DEBUG - обнаружен тэг "типовая локальная смета № 05-2026"в файле: Типовая смета 05-2026.xlsx
2025-08-15 13:42:06,782 - DEBUG - обнаружен тэг "типовая локальная смета № 05-2026"в файле: Типовая смета 05-2026.xlsx
2025-08-15 13:57:01,627 - DEBUG - ДОБАВЛЯЕМ НОВЫЙ ТЭГ: name_tags
2025-08-15 13:57:01,627 - DEBUG - ДОБАВЛЯЕМ НОВЫЙ ТЭГ: name_tags
2025-08-15 13:57:01,627 - DEBUG - ДОБАВЛЯЕМ НОВЫЙ ТЭГ: name_tags
2025-08-15 13:57:01,627 - DEBUG - ДОБАВЛЯЕМ НОВЫЙ ТЭГ: name_tags
2025-08-15 13:57:44,668 - DEBUG - ДОБАВЛЯЕМ НОВЫЙ ТЭГ: internal_tags
2025-08-15 13:57:44,668 - DEBUG - ДОБАВЛЯЕМ НОВЫЙ ТЭГ: internal_tags
2025-08-15 13:57:44,668 - DEBUG - ДОБАВЛЯЕМ НОВЫЙ ТЭГ: internal_tags
2025-08-15 13:57:44,668 - DEBUG - ДОБАВЛЯЕМ НОВЫЙ ТЭГ: internal_tags
2025-08-15 13:57:44,668 - DEBUG - ДОБАВЛЯЕМ НОВЫЙ ТЭГ: internal_tags
2025-08-15 14:15:00,702 - DEBUG - обнаружен тэг "(локальная смета)"в файле: 1_СД 141000039162.xlsx
2025-08-15 14:15:01,165 - DEBUG - обнаружен тэг "типовая локальная смета № 05-2026"в файле: Типовая смета 05-2026.xlsx
2025-08-15 14:53:52,582 - DEBUG - ДОБАВЛЯЕМ НОВЫЙ ТЭГ: internal_tags
2025-08-15 14:53:52,582 - DEBUG - ДОБАВЛЯЕМ НОВЫЙ ТЭГ: internal_tags
2025-08-15 14:53:52,582 - DEBUG - ДОБАВЛЯЕМ НОВЫЙ ТЭГ: internal_tags
2025-08-15 15:06:24,084 - DEBUG - обнаружен тэг "(локальная смета)"в файле: 1_СД 141000039162.xlsx
2025-08-15 15:06:24,256 - DEBUG - обнаружен тэг "ведомость мтр и комплектующих  к  gtsrg/1031/75/2026"в файле: 97454_7.3_00384 ВР ЛСР GTSRG-1031-75-2026.xlsx
2025-08-15 15:06:24,355 - DEBUG - обнаружен тэг "типовая локальная смета № 05-2026"в файле: Типовая смета 05-2026.xlsx
