2025-08-18 09:05:01,763 - DEBUG - обнаружен тэг "(локальная смета)"в файле: 1_СД 141000039162.xlsx
2025-08-18 09:05:01,964 - DEBUG - обнаружен тэг "ведомость мтр и комплектующих  к  gtsrg/1031/75/2026"в файле: 97454_7.3_00384 ВР ЛСР GTSRG-1031-75-2026.xlsx
2025-08-18 09:05:02,080 - DEBUG - обнаружен тэг "типовая локальная смета № 05-2026"в файле: Типовая смета 05-2026.xlsx
2025-08-18 10:40:29,993 - DEBUG - обнаружен тэг "(локальная смета)"в файле: 1_СД 141000039162.xlsx
2025-08-18 10:40:30,157 - DEBUG - обнаружен тэг "ведомость мтр и комплектующих  к  gtsrg/1031/75/2026"в файле: 97454_7.3_00384 ВР ЛСР GTSRG-1031-75-2026.xlsx
2025-08-18 10:40:30,261 - DEBUG - обнаружен тэг "типовая локальная смета № 05-2026"в файле: Типовая смета 05-2026.xlsx
2025-08-18 11:40:09,577 - DEBUG - обнаружен тэг "(локальная смета)"в файле: 1_СД 141000039162.xlsx
2025-08-18 11:40:09,750 - DEBUG - обнаружен тэг "ведомость мтр и комплектующих  к  gtsrg/1031/75/2026"в файле: 97454_7.3_00384 ВР ЛСР GTSRG-1031-75-2026.xlsx
2025-08-18 11:40:09,850 - DEBUG - обнаружен тэг "типовая локальная смета № 05-2026"в файле: Типовая смета 05-2026.xlsx
2025-08-18 11:41:23,020 - DEBUG - обнаружен тэг "(локальная смета)"в файле: 1_СД 141000039162.xlsx
2025-08-18 11:41:23,020 - DEBUG - обнаружен тэг "(локальная смета)"в файле: 1_СД 141000039162.xlsx
2025-08-18 11:41:23,188 - DEBUG - обнаружен тэг "ведомость мтр и комплектующих  к  gtsrg/1031/75/2026"в файле: 97454_7.3_00384 ВР ЛСР GTSRG-1031-75-2026.xlsx
2025-08-18 11:41:23,188 - DEBUG - обнаружен тэг "ведомость мтр и комплектующих  к  gtsrg/1031/75/2026"в файле: 97454_7.3_00384 ВР ЛСР GTSRG-1031-75-2026.xlsx
2025-08-18 11:41:23,289 - DEBUG - обнаружен тэг "типовая локальная смета № 05-2026"в файле: Типовая смета 05-2026.xlsx
2025-08-18 11:41:23,289 - DEBUG - обнаружен тэг "типовая локальная смета № 05-2026"в файле: Типовая смета 05-2026.xlsx
2025-08-18 11:44:41,214 - DEBUG - обнаружен тэг "(локальная смета)"в файле: 1_СД 141000039162.xlsx
2025-08-18 11:44:41,214 - DEBUG - обнаружен тэг "(локальная смета)"в файле: 1_СД 141000039162.xlsx
2025-08-18 11:44:41,402 - DEBUG - обнаружен тэг "ведомость мтр и комплектующих  к  gtsrg/1031/75/2026"в файле: 97454_7.3_00384 ВР ЛСР GTSRG-1031-75-2026.xlsx
2025-08-18 11:44:41,402 - DEBUG - обнаружен тэг "ведомость мтр и комплектующих  к  gtsrg/1031/75/2026"в файле: 97454_7.3_00384 ВР ЛСР GTSRG-1031-75-2026.xlsx
2025-08-18 11:44:41,501 - DEBUG - обнаружен тэг "типовая локальная смета № 05-2026"в файле: Типовая смета 05-2026.xlsx
2025-08-18 11:44:41,501 - DEBUG - обнаружен тэг "типовая локальная смета № 05-2026"в файле: Типовая смета 05-2026.xlsx
2025-08-18 11:49:54,832 - DEBUG - обнаружен тэг "(локальная смета)"в файле: 1_СД 141000039162.xlsx
2025-08-18 11:49:55,001 - DEBUG - обнаружен тэг "ведомость мтр и комплектующих  к  gtsrg/1031/75/2026"в файле: 97454_7.3_00384 ВР ЛСР GTSRG-1031-75-2026.xlsx
2025-08-18 11:49:55,100 - DEBUG - обнаружен тэг "типовая локальная смета № 05-2026"в файле: Типовая смета 05-2026.xlsx
2025-08-18 13:51:05,183 - DEBUG - обнаружен тэг "(локальная смета)"в файле: 1_СД 141000039162.xlsx
2025-08-18 13:51:05,357 - DEBUG - обнаружен тэг "ведомость мтр и комплектующих  к  gtsrg/1031/75/2026"в файле: 97454_7.3_00384 ВР ЛСР GTSRG-1031-75-2026.xlsx
2025-08-18 13:51:05,458 - DEBUG - обнаружен тэг "типовая локальная смета № 05-2026"в файле: Типовая смета 05-2026.xlsx
2025-08-18 13:51:20,608 - DEBUG - обнаружен тэг "(локальная смета)"в файле: 1_СД 141000039162.xlsx
2025-08-18 13:51:20,731 - DEBUG - обнаружен тэг "ежедневная перевозка рабочих свыше 3-х км"в файле: 3_РПЗ 141000039162.xlsx
2025-08-18 13:51:20,792 - DEBUG - обнаружен тэг "ведомость мтр и комплектующих  к  gtsrg/1031/75/2026"в файле: 97454_7.3_00384 ВР ЛСР GTSRG-1031-75-2026.xlsx
2025-08-18 13:51:21,208 - DEBUG - обнаружен тэг "типовая локальная смета № 05-2026"в файле: Типовая смета 05-2026.xlsx
2025-08-18 13:51:31,195 - DEBUG - обнаружен тэг "(локальная смета)"в файле: 1_СД 141000039162.xlsx
2025-08-18 13:51:31,365 - DEBUG - обнаружен тэг "ведомость мтр и комплектующих  к  gtsrg/1031/75/2026"в файле: 97454_7.3_00384 ВР ЛСР GTSRG-1031-75-2026.xlsx
2025-08-18 13:51:31,465 - DEBUG - обнаружен тэг "типовая локальная смета № 05-2026"в файле: Типовая смета 05-2026.xlsx
2025-08-18 13:51:41,954 - DEBUG - обнаружен тэг "(локальная смета)"в файле: 1_СД 141000039162.xlsx
2025-08-18 13:51:42,080 - DEBUG - обнаружен тэг "ежедневная перевозка рабочих свыше 3-х км"в файле: 3_РПЗ 141000039162.xlsx
2025-08-18 13:51:42,143 - DEBUG - обнаружен тэг "ведомость мтр и комплектующих  к  gtsrg/1031/75/2026"в файле: 97454_7.3_00384 ВР ЛСР GTSRG-1031-75-2026.xlsx
2025-08-18 13:51:42,540 - DEBUG - обнаружен тэг "типовая локальная смета № 05-2026"в файле: Типовая смета 05-2026.xlsx
2025-08-18 13:51:46,333 - DEBUG - обнаружен тэг "(локальная смета)"в файле: 1_СД 141000039162.xlsx
2025-08-18 13:51:46,505 - DEBUG - обнаружен тэг "ведомость мтр и комплектующих  к  gtsrg/1031/75/2026"в файле: 97454_7.3_00384 ВР ЛСР GTSRG-1031-75-2026.xlsx
2025-08-18 13:51:46,604 - DEBUG - обнаружен тэг "типовая локальная смета № 05-2026"в файле: Типовая смета 05-2026.xlsx
2025-08-18 13:51:48,042 - DEBUG - обнаружен тэг "(локальная смета)"в файле: 1_СД 141000039162.xlsx
2025-08-18 13:51:48,215 - DEBUG - обнаружен тэг "ведомость мтр и комплектующих  к  gtsrg/1031/75/2026"в файле: 97454_7.3_00384 ВР ЛСР GTSRG-1031-75-2026.xlsx
2025-08-18 13:51:48,316 - DEBUG - обнаружен тэг "типовая локальная смета № 05-2026"в файле: Типовая смета 05-2026.xlsx
2025-08-18 13:51:49,587 - DEBUG - обнаружен тэг "(локальная смета)"в файле: 1_СД 141000039162.xlsx
2025-08-18 13:51:49,713 - DEBUG - обнаружен тэг "ежедневная перевозка рабочих свыше 3-х км"в файле: 3_РПЗ 141000039162.xlsx
2025-08-18 13:51:49,775 - DEBUG - обнаружен тэг "ведомость мтр и комплектующих  к  gtsrg/1031/75/2026"в файле: 97454_7.3_00384 ВР ЛСР GTSRG-1031-75-2026.xlsx
2025-08-18 13:51:50,168 - DEBUG - обнаружен тэг "типовая локальная смета № 05-2026"в файле: Типовая смета 05-2026.xlsx
2025-08-18 13:51:54,906 - DEBUG - обнаружен тэг "(локальная смета)"в файле: 1_СД 141000039162.xlsx
2025-08-18 13:51:55,077 - DEBUG - обнаружен тэг "ведомость мтр и комплектующих  к  gtsrg/1031/75/2026"в файле: 97454_7.3_00384 ВР ЛСР GTSRG-1031-75-2026.xlsx
2025-08-18 13:51:55,177 - DEBUG - обнаружен тэг "типовая локальная смета № 05-2026"в файле: Типовая смета 05-2026.xlsx
2025-08-18 13:52:03,658 - DEBUG - обнаружен тэг "(локальная смета)"в файле: 1_СД 141000039162.xlsx
2025-08-18 13:52:03,785 - DEBUG - обнаружен тэг "ежедневная перевозка рабочих свыше 3-х км"в файле: 3_РПЗ 141000039162.xlsx
2025-08-18 13:52:03,848 - DEBUG - обнаружен тэг "ведомость мтр и комплектующих  к  gtsrg/1031/75/2026"в файле: 97454_7.3_00384 ВР ЛСР GTSRG-1031-75-2026.xlsx
2025-08-18 13:52:04,273 - DEBUG - обнаружен тэг "типовая локальная смета № 05-2026"в файле: Типовая смета 05-2026.xlsx
2025-08-18 13:52:49,115 - DEBUG - обнаружен тэг "(локальная смета)"в файле: 1_СД 141000039162.xlsx
2025-08-18 13:52:49,311 - DEBUG - обнаружен тэг "ведомость мтр и комплектующих  к  gtsrg/1031/75/2026"в файле: 97454_7.3_00384 ВР ЛСР GTSRG-1031-75-2026.xlsx
2025-08-18 13:52:49,412 - DEBUG - обнаружен тэг "типовая локальная смета № 05-2026"в файле: Типовая смета 05-2026.xlsx
2025-08-18 17:08:48,393 - DEBUG - обнаружен тэг "(локальная смета)"в файле: 1_СД 141000039162.xlsx
2025-08-18 17:09:17,469 - DEBUG - обнаружен тэг "(локальная смета)"в файле: 1_СД 141000039162.xlsx
2025-08-18 17:09:17,937 - DEBUG - обнаружен тэг "ведомость мтр и комплектующих  к  gtsrg/1031/75/2026"в файле: 97454_7.3_00384 ВР ЛСР GTSRG-1031-75-2026.xlsx
2025-08-18 17:09:18,094 - DEBUG - обнаружен тэг "типовая локальная смета № 05-2026"в файле: Типовая смета 05-2026.xlsx
2025-08-18 17:20:27,374 - DEBUG - обнаружен тэг "(локальная смета)"в файле: 1_СД 141000039162.xlsx
2025-08-18 17:20:27,856 - DEBUG - обнаружен тэг "ведомость мтр и комплектующих  к  gtsrg/1031/75/2026"в файле: 97454_7.3_00384 ВР ЛСР GTSRG-1031-75-2026.xlsx
2025-08-18 17:20:27,931 - DEBUG - !!!!!!!!!{number}!!!!!!!!!! {temp}
2025-08-18 17:20:28,009 - DEBUG - обнаружен тэг "типовая локальная смета № 05-2026"в файле: Типовая смета 05-2026.xlsx
2025-08-18 17:21:27,602 - DEBUG - обнаружен тэг "(локальная смета)"в файле: 1_СД 141000039162.xlsx
2025-08-18 17:21:28,070 - DEBUG - обнаружен тэг "ведомость мтр и комплектующих  к  gtsrg/1031/75/2026"в файле: 97454_7.3_00384 ВР ЛСР GTSRG-1031-75-2026.xlsx
2025-08-18 17:21:28,137 - DEBUG - !!!!!!!!!07.1-1619-97577_7.1_02095-2026-кр!!!!!!!!!! <re.Match object; span=(0, 2), match='07'>
2025-08-18 17:21:28,215 - DEBUG - обнаружен тэг "типовая локальная смета № 05-2026"в файле: Типовая смета 05-2026.xlsx
2025-08-18 17:23:58,267 - DEBUG - обнаружен тэг "(локальная смета)"в файле: 1_СД 141000039162.xlsx
2025-08-18 17:23:58,726 - DEBUG - обнаружен тэг "ведомость мтр и комплектующих  к  gtsrg/1031/75/2026"в файле: 97454_7.3_00384 ВР ЛСР GTSRG-1031-75-2026.xlsx
2025-08-18 17:23:58,864 - DEBUG - обнаружен тэг "типовая локальная смета № 05-2026"в файле: Типовая смета 05-2026.xlsx
2025-08-18 17:29:26,957 - DEBUG - обнаружен тэг "(локальная смета)"в файле: 1_СД 141000039162.xlsx
2025-08-18 17:29:27,410 - DEBUG - обнаружен тэг "ведомость мтр и комплектующих  к  gtsrg/1031/75/2026"в файле: 97454_7.3_00384 ВР ЛСР GTSRG-1031-75-2026.xlsx
2025-08-18 17:29:27,554 - DEBUG - обнаружен тэг "типовая локальная смета № 05-2026"в файле: Типовая смета 05-2026.xlsx
2025-08-18 17:30:03,186 - DEBUG - обнаружен тэг "(локальная смета)"в файле: 1_СД 141000039162.xlsx
2025-08-18 17:30:03,326 - DEBUG - обнаружен тэг "ежедневная перевозка рабочих свыше 3-х км"в файле: 3_РПЗ 141000039162.xlsx
2025-08-18 17:30:04,024 - DEBUG - обнаружен тэг "ведомость мтр и комплектующих  к  gtsrg/1031/75/2026"в файле: 97454_7.3_00384 ВР ЛСР GTSRG-1031-75-2026.xlsx
2025-08-18 17:30:04,370 - DEBUG - обнаружен тэг "объектная смета № 07.1-1619-97577_7.1_02095-2026-кр"в файле: ос-1619-26-КР.xlsx
2025-08-18 17:30:04,459 - DEBUG - обнаружен тэг "типовая локальная смета № 05-2026"в файле: Типовая смета 05-2026.xlsx
2025-08-18 17:30:12,385 - DEBUG - обнаружен тэг "(локальная смета)"в файле: 1_СД 141000039162.xlsx
2025-08-18 17:30:12,862 - DEBUG - обнаружен тэг "ведомость мтр и комплектующих  к  gtsrg/1031/75/2026"в файле: 97454_7.3_00384 ВР ЛСР GTSRG-1031-75-2026.xlsx
2025-08-18 17:30:13,000 - DEBUG - обнаружен тэг "типовая локальная смета № 05-2026"в файле: Типовая смета 05-2026.xlsx
