2025-08-12 09:11:17,421 - DEBUG - Чтение файла C:\Users\SilantevGN\Desktop\Образцы файлов для разбора\новый\20269757701065\2025.06.09\лс 14.2-1065.xlsx с движком openpyxl
2025-08-12 09:11:17,828 - DEBUG - Чтение файла C:\Users\SilantevGN\Desktop\Образцы файлов для разбора\новый\20269757702095\2025.06.09\лс 02-01-202137.xlsx с движком openpyxl
2025-08-12 09:11:17,857 - DEBUG - Чтение файла C:\Users\SilantevGN\Desktop\Образцы файлов для разбора\новый\20269757702095\2025.06.09\лс 1619-26-КР РММ.xlsx с движком openpyxl
2025-08-12 09:11:17,891 - DEBUG - Чтение файла C:\Users\SilantevGN\Desktop\Образцы файлов для разбора\новый\20269790101229\2025.05.28\116.Смета инв.№446359 116-КШ_2026 ТЗ 67,5  ДУ 50 PN1,6  15шт - ЛС 17 граф.xlsx с движком openpyxl
2025-08-12 09:11:17,938 - DEBUG - Чтение файла C:\Users\SilantevGN\Desktop\Образцы файлов для разбора\новый\20269790101675\2025.05.28\4.Смета инв.№446887 04-ЗД_2026 ТЗ 40,4  ДУ 150  - ЛС 17 граф.xlsx с движком openpyxl
2025-08-12 09:11:17,982 - DEBUG - Чтение файла C:\Users\SilantevGN\Desktop\Образцы файлов для разбора\новый\20269790101790\2025.05.29\188.Смета инв.№446580 188-ЗД_2026 ТЗ 7,6  ДУ 50 PN 2.5  2 шт  - ЛС 17 граф.xlsx с движком openpyxl
2025-08-12 09:11:18,022 - DEBUG - Чтение файла C:\Users\SilantevGN\Desktop\Образцы файлов для разбора\новый\20269790101880\2025.05.28\221.Смета инв.№446497 221-ЗД_2026 ТЗ 9,3  ДУ 50 PN 35 1,6 3 шт клапан обратный  - ЛС 17 граф.xlsx с движком openpyxl
2025-08-12 09:11:18,067 - DEBUG - Чтение файла C:\Users\SilantevGN\Desktop\Образцы файлов для разбора\новый\20269790102016\2025.05.28\39.Смета инв.№446605 39-КШ_2026 ТЗ 36,4 ДУ 150 PN10  4шт - ЛС 17 граф.xlsx с движком openpyxl
2025-08-12 09:12:49,715 - DEBUG - открыть в проводнике C:\Users\SilantevGN\Desktop\Образцы файлов для разбора\новый\20269757702061\2025.06.09\0201 - ЛC.xlsx
2025-08-12 09:13:56,339 - DEBUG - открыть в проводнике C:\Users\SilantevGN\Desktop\Образцы файлов для разбора\новый\20269757701065\2025.06.09\лс 14.2-1065.gsfx
2025-08-12 09:20:12,255 - DEBUG - что за мать его хрень локальная смета; fileshash.data
2025-08-12 09:20:12,255 - DEBUG - что за мать его хрень лс; fileshash.data
2025-08-12 09:20:12,256 - DEBUG - что за мать его хрень cмета; fileshash.data
2025-08-12 09:20:12,256 - DEBUG - что за мать его хрень локальная смета; 02-02 рмм.gsfx
2025-08-12 09:20:12,256 - DEBUG - что за мать его хрень лс; 02-02 рмм.gsfx
2025-08-12 09:20:12,257 - DEBUG - что за мать его хрень cмета; 02-02 рмм.gsfx
2025-08-12 09:20:12,257 - DEBUG - что за мать его хрень локальная смета; 02-02 рмм.xlsx
2025-08-12 09:20:12,257 - DEBUG - что за мать его хрень лс; 02-02 рмм.xlsx
2025-08-12 09:20:12,257 - DEBUG - что за мать его хрень cмета; 02-02 рмм.xlsx
2025-08-12 09:20:12,257 - DEBUG - что за мать его хрень локальная смета; 02-03-0201.gsfx
2025-08-12 09:20:12,258 - DEBUG - что за мать его хрень лс; 02-03-0201.gsfx
2025-08-12 09:20:12,258 - DEBUG - что за мать его хрень cмета; 02-03-0201.gsfx
2025-08-12 09:20:12,258 - DEBUG - что за мать его хрень локальная смета; 02-03-0201.xlsx
2025-08-12 09:20:12,258 - DEBUG - что за мать его хрень лс; 02-03-0201.xlsx
2025-08-12 09:20:12,259 - DEBUG - что за мать его хрень cмета; 02-03-0201.xlsx
2025-08-12 09:20:12,259 - DEBUG - что за мать его хрень локальная смета; 0201 - лc.xlsx
2025-08-12 09:20:12,259 - DEBUG - что за мать его хрень лс; 0201 - лc.xlsx
2025-08-12 09:20:12,259 - DEBUG - что за мать его хрень cмета; 0201 - лc.xlsx
2025-08-12 09:20:12,260 - DEBUG - что за мать его хрень локальная смета; 0201.gsfx
2025-08-12 09:20:12,260 - DEBUG - что за мать его хрень лс; 0201.gsfx
2025-08-12 09:20:12,260 - DEBUG - что за мать его хрень cмета; 0201.gsfx
2025-08-12 09:20:12,260 - DEBUG - что за мать его хрень локальная смета; 97577_7.1_02061 акт отс 202148.pdf
2025-08-12 09:20:12,260 - DEBUG - что за мать его хрень лс; 97577_7.1_02061 акт отс 202148.pdf
2025-08-12 09:20:12,260 - DEBUG - что за мать его хрень cмета; 97577_7.1_02061 акт отс 202148.pdf
2025-08-12 09:20:12,261 - DEBUG - что за мать его хрень локальная смета; 97577_7.1_02061 дв 500000198505_211000109693 инв 202148.pdf
2025-08-12 09:20:12,261 - DEBUG - что за мать его хрень лс; 97577_7.1_02061 дв 500000198505_211000109693 инв 202148.pdf
2025-08-12 09:20:12,261 - DEBUG - что за мать его хрень cмета; 97577_7.1_02061 дв 500000198505_211000109693 инв 202148.pdf
2025-08-12 09:20:12,261 - DEBUG - что за мать его хрень локальная смета; ос 0201-26-кр.gsfx
2025-08-12 09:20:12,262 - DEBUG - что за мать его хрень лс; ос 0201-26-кр.gsfx
2025-08-12 09:20:12,262 - DEBUG - что за мать его хрень cмета; ос 0201-26-кр.gsfx
2025-08-12 09:20:12,262 - DEBUG - что за мать его хрень локальная смета; ос 0201-26-кр.xlsx
2025-08-12 09:20:12,262 - DEBUG - что за мать его хрень лс; ос 0201-26-кр.xlsx
2025-08-12 09:20:12,262 - DEBUG - что за мать его хрень cмета; ос 0201-26-кр.xlsx
2025-08-12 09:20:12,263 - DEBUG - что за мать его хрень локальная смета; расчет № 4 перевозки мтр 202148.xlsx
2025-08-12 09:20:12,263 - DEBUG - что за мать его хрень лс; расчет № 4 перевозки мтр 202148.xlsx
2025-08-12 09:20:12,263 - DEBUG - что за мать его хрень cмета; расчет № 4 перевозки мтр 202148.xlsx
2025-08-12 09:39:18,382 - DEBUG - Чтение файла C:\Users\SilantevGN\Desktop\Образцы файлов для разбора\новый\20269757702061\2025.06.09\0201 - ЛC.xlsx с движком openpyxl
2025-08-12 15:51:18,808 - DEBUG - Чтение файла C:\Users\SilantevGN\Desktop\Образцы файлов для разбора\новый\20269757702061\2025.06.09\02-02 РММ.xlsx с движком openpyxl
2025-08-12 15:51:18,808 - DEBUG - Чтение файла C:\Users\SilantevGN\Desktop\Образцы файлов для разбора\новый\20269757702061\2025.06.09\02-02 РММ.xlsx с движком openpyxl
2025-08-12 15:51:19,274 - DEBUG - Чтение файла C:\Users\SilantevGN\Desktop\Образцы файлов для разбора\новый\20269757702061\2025.06.09\02-03-0201.xlsx с движком openpyxl
2025-08-12 15:51:19,274 - DEBUG - Чтение файла C:\Users\SilantevGN\Desktop\Образцы файлов для разбора\новый\20269757702061\2025.06.09\02-03-0201.xlsx с движком openpyxl
2025-08-12 15:51:19,299 - DEBUG - Чтение файла C:\Users\SilantevGN\Desktop\Образцы файлов для разбора\новый\20269757702061\2025.06.09\0201 - ЛC.xlsx с движком openpyxl
2025-08-12 15:51:19,299 - DEBUG - Чтение файла C:\Users\SilantevGN\Desktop\Образцы файлов для разбора\новый\20269757702061\2025.06.09\0201 - ЛC.xlsx с движком openpyxl
2025-08-12 15:51:19,324 - DEBUG - Чтение файла C:\Users\SilantevGN\Desktop\Образцы файлов для разбора\новый\20269757702061\2025.06.09\ос 0201-26-КР.xlsx с движком openpyxl
2025-08-12 15:51:19,324 - DEBUG - Чтение файла C:\Users\SilantevGN\Desktop\Образцы файлов для разбора\новый\20269757702061\2025.06.09\ос 0201-26-КР.xlsx с движком openpyxl
2025-08-12 15:51:19,342 - DEBUG - Чтение файла C:\Users\SilantevGN\Desktop\Образцы файлов для разбора\новый\20269757702061\2025.06.09\Расчет № 4 перевозки МТР 202148.xlsx с движком openpyxl
2025-08-12 15:51:19,342 - DEBUG - Чтение файла C:\Users\SilantevGN\Desktop\Образцы файлов для разбора\новый\20269757702061\2025.06.09\Расчет № 4 перевозки МТР 202148.xlsx с движком openpyxl
2025-08-12 15:52:05,712 - DEBUG - Чтение файла C:\Users\SilantevGN\Desktop\Образцы файлов для разбора\новый\20269757702061\2025.06.09\02-02 РММ.xlsx с движком openpyxl
2025-08-12 15:52:05,712 - DEBUG - Чтение файла C:\Users\SilantevGN\Desktop\Образцы файлов для разбора\новый\20269757702061\2025.06.09\02-02 РММ.xlsx с движком openpyxl
2025-08-12 15:52:05,931 - DEBUG - Чтение файла C:\Users\SilantevGN\Desktop\Образцы файлов для разбора\новый\20269757702061\2025.06.09\02-03-0201.xlsx с движком openpyxl
2025-08-12 15:52:05,931 - DEBUG - Чтение файла C:\Users\SilantevGN\Desktop\Образцы файлов для разбора\новый\20269757702061\2025.06.09\02-03-0201.xlsx с движком openpyxl
2025-08-12 15:52:05,953 - DEBUG - Чтение файла C:\Users\SilantevGN\Desktop\Образцы файлов для разбора\новый\20269757702061\2025.06.09\0201 - ЛC.xlsx с движком openpyxl
2025-08-12 15:52:05,953 - DEBUG - Чтение файла C:\Users\SilantevGN\Desktop\Образцы файлов для разбора\новый\20269757702061\2025.06.09\0201 - ЛC.xlsx с движком openpyxl
2025-08-12 15:52:05,976 - DEBUG - Чтение файла C:\Users\SilantevGN\Desktop\Образцы файлов для разбора\новый\20269757702061\2025.06.09\ос 0201-26-КР.xlsx с движком openpyxl
2025-08-12 15:52:05,976 - DEBUG - Чтение файла C:\Users\SilantevGN\Desktop\Образцы файлов для разбора\новый\20269757702061\2025.06.09\ос 0201-26-КР.xlsx с движком openpyxl
2025-08-12 15:52:05,993 - DEBUG - Чтение файла C:\Users\SilantevGN\Desktop\Образцы файлов для разбора\новый\20269757702061\2025.06.09\Расчет № 4 перевозки МТР 202148.xlsx с движком openpyxl
2025-08-12 15:52:05,993 - DEBUG - Чтение файла C:\Users\SilantevGN\Desktop\Образцы файлов для разбора\новый\20269757702061\2025.06.09\Расчет № 4 перевозки МТР 202148.xlsx с движком openpyxl
2025-08-12 15:52:17,104 - DEBUG - Чтение файла C:\Users\SilantevGN\Desktop\Образцы файлов для разбора\новый\20269757702061\2025.06.09\02-02 РММ.xlsx с движком openpyxl
2025-08-12 15:52:17,104 - DEBUG - Чтение файла C:\Users\SilantevGN\Desktop\Образцы файлов для разбора\новый\20269757702061\2025.06.09\02-02 РММ.xlsx с движком openpyxl
2025-08-12 15:52:17,126 - DEBUG - Чтение файла C:\Users\SilantevGN\Desktop\Образцы файлов для разбора\новый\20269757702061\2025.06.09\02-03-0201.xlsx с движком openpyxl
2025-08-12 15:52:17,126 - DEBUG - Чтение файла C:\Users\SilantevGN\Desktop\Образцы файлов для разбора\новый\20269757702061\2025.06.09\02-03-0201.xlsx с движком openpyxl
2025-08-12 15:52:17,149 - DEBUG - Чтение файла C:\Users\SilantevGN\Desktop\Образцы файлов для разбора\новый\20269757702061\2025.06.09\0201 - ЛC.xlsx с движком openpyxl
2025-08-12 15:52:17,149 - DEBUG - Чтение файла C:\Users\SilantevGN\Desktop\Образцы файлов для разбора\новый\20269757702061\2025.06.09\0201 - ЛC.xlsx с движком openpyxl
2025-08-12 15:52:17,174 - DEBUG - Чтение файла C:\Users\SilantevGN\Desktop\Образцы файлов для разбора\новый\20269757702061\2025.06.09\ос 0201-26-КР.xlsx с движком openpyxl
2025-08-12 15:52:17,174 - DEBUG - Чтение файла C:\Users\SilantevGN\Desktop\Образцы файлов для разбора\новый\20269757702061\2025.06.09\ос 0201-26-КР.xlsx с движком openpyxl
2025-08-12 15:52:17,190 - DEBUG - Чтение файла C:\Users\SilantevGN\Desktop\Образцы файлов для разбора\новый\20269757702061\2025.06.09\Расчет № 4 перевозки МТР 202148.xlsx с движком openpyxl
2025-08-12 15:52:17,190 - DEBUG - Чтение файла C:\Users\SilantevGN\Desktop\Образцы файлов для разбора\новый\20269757702061\2025.06.09\Расчет № 4 перевозки МТР 202148.xlsx с движком openpyxl
2025-08-12 15:52:17,214 - DEBUG - Чтение файла C:\Users\SilantevGN\Desktop\Образцы файлов для разбора\новый\20269757701065\2025.06.09\97577_13.3_01065 Реестр ТО ВиК 2025.xls с движком xlrd
2025-08-12 15:52:17,214 - DEBUG - Чтение файла C:\Users\SilantevGN\Desktop\Образцы файлов для разбора\новый\20269757701065\2025.06.09\97577_13.3_01065 Реестр ТО ВиК 2025.xls с движком xlrd
2025-08-12 15:52:17,230 - DEBUG - Чтение файла C:\Users\SilantevGN\Desktop\Образцы файлов для разбора\новый\20269757701065\2025.06.09\лс 14.2-1065.xlsx с движком openpyxl
2025-08-12 15:52:17,230 - DEBUG - Чтение файла C:\Users\SilantevGN\Desktop\Образцы файлов для разбора\новый\20269757701065\2025.06.09\лс 14.2-1065.xlsx с движком openpyxl
2025-08-12 15:52:17,246 - DEBUG - Чтение файла C:\Users\SilantevGN\Desktop\Образцы файлов для разбора\новый\20269757701065\2025.06.09\ос 14.2-1065.xlsx с движком openpyxl
2025-08-12 15:52:17,246 - DEBUG - Чтение файла C:\Users\SilantevGN\Desktop\Образцы файлов для разбора\новый\20269757701065\2025.06.09\ос 14.2-1065.xlsx с движком openpyxl
2025-08-12 15:52:17,264 - DEBUG - Чтение файла C:\Users\SilantevGN\Desktop\Образцы файлов для разбора\новый\20269757702061\2025.06.09\02-02 РММ.xlsx с движком openpyxl
2025-08-12 15:52:17,264 - DEBUG - Чтение файла C:\Users\SilantevGN\Desktop\Образцы файлов для разбора\новый\20269757702061\2025.06.09\02-02 РММ.xlsx с движком openpyxl
2025-08-12 15:52:17,287 - DEBUG - Чтение файла C:\Users\SilantevGN\Desktop\Образцы файлов для разбора\новый\20269757702061\2025.06.09\02-03-0201.xlsx с движком openpyxl
2025-08-12 15:52:17,287 - DEBUG - Чтение файла C:\Users\SilantevGN\Desktop\Образцы файлов для разбора\новый\20269757702061\2025.06.09\02-03-0201.xlsx с движком openpyxl
2025-08-12 15:52:17,310 - DEBUG - Чтение файла C:\Users\SilantevGN\Desktop\Образцы файлов для разбора\новый\20269757702061\2025.06.09\0201 - ЛC.xlsx с движком openpyxl
2025-08-12 15:52:17,310 - DEBUG - Чтение файла C:\Users\SilantevGN\Desktop\Образцы файлов для разбора\новый\20269757702061\2025.06.09\0201 - ЛC.xlsx с движком openpyxl
2025-08-12 15:52:17,334 - DEBUG - Чтение файла C:\Users\SilantevGN\Desktop\Образцы файлов для разбора\новый\20269757702061\2025.06.09\ос 0201-26-КР.xlsx с движком openpyxl
2025-08-12 15:52:17,334 - DEBUG - Чтение файла C:\Users\SilantevGN\Desktop\Образцы файлов для разбора\новый\20269757702061\2025.06.09\ос 0201-26-КР.xlsx с движком openpyxl
2025-08-12 15:52:17,350 - DEBUG - Чтение файла C:\Users\SilantevGN\Desktop\Образцы файлов для разбора\новый\20269757702061\2025.06.09\Расчет № 4 перевозки МТР 202148.xlsx с движком openpyxl
2025-08-12 15:52:17,350 - DEBUG - Чтение файла C:\Users\SilantevGN\Desktop\Образцы файлов для разбора\новый\20269757702061\2025.06.09\Расчет № 4 перевозки МТР 202148.xlsx с движком openpyxl
2025-08-12 15:52:17,374 - DEBUG - Чтение файла C:\Users\SilantevGN\Desktop\Образцы файлов для разбора\новый\20269757702095\2025.06.09\лс 02-01-202137.xlsx с движком openpyxl
2025-08-12 15:52:17,374 - DEBUG - Чтение файла C:\Users\SilantevGN\Desktop\Образцы файлов для разбора\новый\20269757702095\2025.06.09\лс 02-01-202137.xlsx с движком openpyxl
2025-08-12 15:52:17,395 - DEBUG - Чтение файла C:\Users\SilantevGN\Desktop\Образцы файлов для разбора\новый\20269757702095\2025.06.09\лс 1619-26-КР РММ.xlsx с движком openpyxl
2025-08-12 15:52:17,395 - DEBUG - Чтение файла C:\Users\SilantevGN\Desktop\Образцы файлов для разбора\новый\20269757702095\2025.06.09\лс 1619-26-КР РММ.xlsx с движком openpyxl
2025-08-12 15:52:17,418 - DEBUG - Чтение файла C:\Users\SilantevGN\Desktop\Образцы файлов для разбора\новый\20269757702095\2025.06.09\МТР.xlsx с движком openpyxl
2025-08-12 15:52:17,418 - DEBUG - Чтение файла C:\Users\SilantevGN\Desktop\Образцы файлов для разбора\новый\20269757702095\2025.06.09\МТР.xlsx с движком openpyxl
2025-08-12 15:52:17,443 - DEBUG - Чтение файла C:\Users\SilantevGN\Desktop\Образцы файлов для разбора\новый\20269757702095\2025.06.09\ос-1619-26-КР.xlsx с движком openpyxl
2025-08-12 15:52:17,443 - DEBUG - Чтение файла C:\Users\SilantevGN\Desktop\Образцы файлов для разбора\новый\20269757702095\2025.06.09\ос-1619-26-КР.xlsx с движком openpyxl
2025-08-12 15:52:17,462 - DEBUG - Чтение файла C:\Users\SilantevGN\Desktop\Образцы файлов для разбора\новый\20269757702095\2025.06.09\Расчет № 4 перевозки МТР 202137.xlsx с движком openpyxl
2025-08-12 15:52:17,462 - DEBUG - Чтение файла C:\Users\SilantevGN\Desktop\Образцы файлов для разбора\новый\20269757702095\2025.06.09\Расчет № 4 перевозки МТР 202137.xlsx с движком openpyxl
2025-08-12 15:52:17,491 - DEBUG - Чтение файла C:\Users\SilantevGN\Desktop\Образцы файлов для разбора\новый\20269790101229\2025.05.28\116.Смета инв.№446359 116-КШ_2026 ТЗ 67,5  ДУ 50 PN1,6  15шт - ЛС 17 граф.xlsx с движком openpyxl
2025-08-12 15:52:17,491 - DEBUG - Чтение файла C:\Users\SilantevGN\Desktop\Образцы файлов для разбора\новый\20269790101229\2025.05.28\116.Смета инв.№446359 116-КШ_2026 ТЗ 67,5  ДУ 50 PN1,6  15шт - ЛС 17 граф.xlsx с движком openpyxl
2025-08-12 15:52:17,527 - DEBUG - Чтение файла C:\Users\SilantevGN\Desktop\Образцы файлов для разбора\новый\20269790101675\2025.05.28\4.Смета инв.№446887 04-ЗД_2026 ТЗ 40,4  ДУ 150  - ЛС 17 граф.xlsx с движком openpyxl
2025-08-12 15:52:17,527 - DEBUG - Чтение файла C:\Users\SilantevGN\Desktop\Образцы файлов для разбора\новый\20269790101675\2025.05.28\4.Смета инв.№446887 04-ЗД_2026 ТЗ 40,4  ДУ 150  - ЛС 17 граф.xlsx с движком openpyxl
2025-08-12 15:52:17,562 - DEBUG - Чтение файла C:\Users\SilantevGN\Desktop\Образцы файлов для разбора\новый\20269790101790\2025.05.29\188.Смета инв.№446580 188-ЗД_2026 ТЗ 7,6  ДУ 50 PN 2.5  2 шт  - ЛС 17 граф.xlsx с движком openpyxl
2025-08-12 15:52:17,562 - DEBUG - Чтение файла C:\Users\SilantevGN\Desktop\Образцы файлов для разбора\новый\20269790101790\2025.05.29\188.Смета инв.№446580 188-ЗД_2026 ТЗ 7,6  ДУ 50 PN 2.5  2 шт  - ЛС 17 граф.xlsx с движком openpyxl
2025-08-12 15:52:17,597 - DEBUG - Чтение файла C:\Users\SilantevGN\Desktop\Образцы файлов для разбора\новый\20269790101880\2025.05.28\221.Смета инв.№446497 221-ЗД_2026 ТЗ 9,3  ДУ 50 PN 35 1,6 3 шт клапан обратный  - ЛС 17 граф.xlsx с движком openpyxl
2025-08-12 15:52:17,597 - DEBUG - Чтение файла C:\Users\SilantevGN\Desktop\Образцы файлов для разбора\новый\20269790101880\2025.05.28\221.Смета инв.№446497 221-ЗД_2026 ТЗ 9,3  ДУ 50 PN 35 1,6 3 шт клапан обратный  - ЛС 17 граф.xlsx с движком openpyxl
2025-08-12 15:52:17,631 - DEBUG - Чтение файла C:\Users\SilantevGN\Desktop\Образцы файлов для разбора\новый\20269790102016\2025.05.28\39.Смета инв.№446605 39-КШ_2026 ТЗ 36,4 ДУ 150 PN10  4шт - ЛС 17 граф.xlsx с движком openpyxl
2025-08-12 15:52:17,631 - DEBUG - Чтение файла C:\Users\SilantevGN\Desktop\Образцы файлов для разбора\новый\20269790102016\2025.05.28\39.Смета инв.№446605 39-КШ_2026 ТЗ 36,4 ДУ 150 PN10  4шт - ЛС 17 граф.xlsx с движком openpyxl
2025-08-12 16:07:46,495 - DEBUG - Чтение файла C:\Users\SilantevGN\Desktop\Образцы файлов для разбора\новый\20269757701065\2025.06.09\97577_13.3_01065 Реестр ТО ВиК 2025.xls с движком xlrd
2025-08-12 16:07:46,495 - DEBUG - Чтение файла C:\Users\SilantevGN\Desktop\Образцы файлов для разбора\новый\20269757701065\2025.06.09\97577_13.3_01065 Реестр ТО ВиК 2025.xls с движком xlrd
2025-08-12 16:07:46,527 - DEBUG - Чтение файла C:\Users\SilantevGN\Desktop\Образцы файлов для разбора\новый\20269757701065\2025.06.09\лс 14.2-1065.xlsx с движком openpyxl
2025-08-12 16:07:46,527 - DEBUG - Чтение файла C:\Users\SilantevGN\Desktop\Образцы файлов для разбора\новый\20269757701065\2025.06.09\лс 14.2-1065.xlsx с движком openpyxl
2025-08-12 16:07:46,723 - DEBUG - Чтение файла C:\Users\SilantevGN\Desktop\Образцы файлов для разбора\новый\20269757701065\2025.06.09\ос 14.2-1065.xlsx с движком openpyxl
2025-08-12 16:07:46,723 - DEBUG - Чтение файла C:\Users\SilantevGN\Desktop\Образцы файлов для разбора\новый\20269757701065\2025.06.09\ос 14.2-1065.xlsx с движком openpyxl
2025-08-12 16:07:46,737 - DEBUG - Чтение файла C:\Users\SilantevGN\Desktop\Образцы файлов для разбора\новый\20269757702061\2025.06.09\02-02 РММ.xlsx с движком openpyxl
2025-08-12 16:07:46,737 - DEBUG - Чтение файла C:\Users\SilantevGN\Desktop\Образцы файлов для разбора\новый\20269757702061\2025.06.09\02-02 РММ.xlsx с движком openpyxl
2025-08-12 16:07:46,760 - DEBUG - Чтение файла C:\Users\SilantevGN\Desktop\Образцы файлов для разбора\новый\20269757702061\2025.06.09\02-03-0201.xlsx с движком openpyxl
2025-08-12 16:07:46,760 - DEBUG - Чтение файла C:\Users\SilantevGN\Desktop\Образцы файлов для разбора\новый\20269757702061\2025.06.09\02-03-0201.xlsx с движком openpyxl
2025-08-12 16:07:46,786 - DEBUG - Чтение файла C:\Users\SilantevGN\Desktop\Образцы файлов для разбора\новый\20269757702061\2025.06.09\0201 - ЛC.xlsx с движком openpyxl
2025-08-12 16:07:46,786 - DEBUG - Чтение файла C:\Users\SilantevGN\Desktop\Образцы файлов для разбора\новый\20269757702061\2025.06.09\0201 - ЛC.xlsx с движком openpyxl
2025-08-12 16:07:46,808 - DEBUG - Чтение файла C:\Users\SilantevGN\Desktop\Образцы файлов для разбора\новый\20269757702061\2025.06.09\ос 0201-26-КР.xlsx с движком openpyxl
2025-08-12 16:07:46,808 - DEBUG - Чтение файла C:\Users\SilantevGN\Desktop\Образцы файлов для разбора\новый\20269757702061\2025.06.09\ос 0201-26-КР.xlsx с движком openpyxl
2025-08-12 16:07:46,825 - DEBUG - Чтение файла C:\Users\SilantevGN\Desktop\Образцы файлов для разбора\новый\20269757702061\2025.06.09\Расчет № 4 перевозки МТР 202148.xlsx с движком openpyxl
2025-08-12 16:07:46,825 - DEBUG - Чтение файла C:\Users\SilantevGN\Desktop\Образцы файлов для разбора\новый\20269757702061\2025.06.09\Расчет № 4 перевозки МТР 202148.xlsx с движком openpyxl
2025-08-12 16:07:46,850 - DEBUG - Чтение файла C:\Users\SilantevGN\Desktop\Образцы файлов для разбора\новый\20269757702095\2025.06.09\лс 02-01-202137.xlsx с движком openpyxl
2025-08-12 16:07:46,850 - DEBUG - Чтение файла C:\Users\SilantevGN\Desktop\Образцы файлов для разбора\новый\20269757702095\2025.06.09\лс 02-01-202137.xlsx с движком openpyxl
2025-08-12 16:07:46,871 - DEBUG - Чтение файла C:\Users\SilantevGN\Desktop\Образцы файлов для разбора\новый\20269757702095\2025.06.09\лс 1619-26-КР РММ.xlsx с движком openpyxl
2025-08-12 16:07:46,871 - DEBUG - Чтение файла C:\Users\SilantevGN\Desktop\Образцы файлов для разбора\новый\20269757702095\2025.06.09\лс 1619-26-КР РММ.xlsx с движком openpyxl
2025-08-12 16:07:46,893 - DEBUG - Чтение файла C:\Users\SilantevGN\Desktop\Образцы файлов для разбора\новый\20269757702095\2025.06.09\МТР.xlsx с движком openpyxl
2025-08-12 16:07:46,893 - DEBUG - Чтение файла C:\Users\SilantevGN\Desktop\Образцы файлов для разбора\новый\20269757702095\2025.06.09\МТР.xlsx с движком openpyxl
2025-08-12 16:07:46,914 - DEBUG - Чтение файла C:\Users\SilantevGN\Desktop\Образцы файлов для разбора\новый\20269757702095\2025.06.09\ос-1619-26-КР.xlsx с движком openpyxl
2025-08-12 16:07:46,914 - DEBUG - Чтение файла C:\Users\SilantevGN\Desktop\Образцы файлов для разбора\новый\20269757702095\2025.06.09\ос-1619-26-КР.xlsx с движком openpyxl
2025-08-12 16:07:46,930 - DEBUG - Чтение файла C:\Users\SilantevGN\Desktop\Образцы файлов для разбора\новый\20269757702095\2025.06.09\Расчет № 4 перевозки МТР 202137.xlsx с движком openpyxl
2025-08-12 16:07:46,930 - DEBUG - Чтение файла C:\Users\SilantevGN\Desktop\Образцы файлов для разбора\новый\20269757702095\2025.06.09\Расчет № 4 перевозки МТР 202137.xlsx с движком openpyxl
2025-08-12 16:07:46,953 - DEBUG - Чтение файла C:\Users\SilantevGN\Desktop\Образцы файлов для разбора\новый\20269790101229\2025.05.28\116.Смета инв.№446359 116-КШ_2026 ТЗ 67,5  ДУ 50 PN1,6  15шт - ЛС 17 граф.xlsx с движком openpyxl
2025-08-12 16:07:46,953 - DEBUG - Чтение файла C:\Users\SilantevGN\Desktop\Образцы файлов для разбора\новый\20269790101229\2025.05.28\116.Смета инв.№446359 116-КШ_2026 ТЗ 67,5  ДУ 50 PN1,6  15шт - ЛС 17 граф.xlsx с движком openpyxl
2025-08-12 16:07:46,986 - DEBUG - Чтение файла C:\Users\SilantevGN\Desktop\Образцы файлов для разбора\новый\20269790101675\2025.05.28\4.Смета инв.№446887 04-ЗД_2026 ТЗ 40,4  ДУ 150  - ЛС 17 граф.xlsx с движком openpyxl
2025-08-12 16:07:46,986 - DEBUG - Чтение файла C:\Users\SilantevGN\Desktop\Образцы файлов для разбора\новый\20269790101675\2025.05.28\4.Смета инв.№446887 04-ЗД_2026 ТЗ 40,4  ДУ 150  - ЛС 17 граф.xlsx с движком openpyxl
2025-08-12 16:07:47,019 - DEBUG - Чтение файла C:\Users\SilantevGN\Desktop\Образцы файлов для разбора\новый\20269790101790\2025.05.29\188.Смета инв.№446580 188-ЗД_2026 ТЗ 7,6  ДУ 50 PN 2.5  2 шт  - ЛС 17 граф.xlsx с движком openpyxl
2025-08-12 16:07:47,019 - DEBUG - Чтение файла C:\Users\SilantevGN\Desktop\Образцы файлов для разбора\новый\20269790101790\2025.05.29\188.Смета инв.№446580 188-ЗД_2026 ТЗ 7,6  ДУ 50 PN 2.5  2 шт  - ЛС 17 граф.xlsx с движком openpyxl
2025-08-12 16:07:47,053 - DEBUG - Чтение файла C:\Users\SilantevGN\Desktop\Образцы файлов для разбора\новый\20269790101880\2025.05.28\221.Смета инв.№446497 221-ЗД_2026 ТЗ 9,3  ДУ 50 PN 35 1,6 3 шт клапан обратный  - ЛС 17 граф.xlsx с движком openpyxl
2025-08-12 16:07:47,053 - DEBUG - Чтение файла C:\Users\SilantevGN\Desktop\Образцы файлов для разбора\новый\20269790101880\2025.05.28\221.Смета инв.№446497 221-ЗД_2026 ТЗ 9,3  ДУ 50 PN 35 1,6 3 шт клапан обратный  - ЛС 17 граф.xlsx с движком openpyxl
2025-08-12 16:07:47,088 - DEBUG - Чтение файла C:\Users\SilantevGN\Desktop\Образцы файлов для разбора\новый\20269790102016\2025.05.28\39.Смета инв.№446605 39-КШ_2026 ТЗ 36,4 ДУ 150 PN10  4шт - ЛС 17 граф.xlsx с движком openpyxl
2025-08-12 16:07:47,088 - DEBUG - Чтение файла C:\Users\SilantevGN\Desktop\Образцы файлов для разбора\новый\20269790102016\2025.05.28\39.Смета инв.№446605 39-КШ_2026 ТЗ 36,4 ДУ 150 PN10  4шт - ЛС 17 граф.xlsx с движком openpyxl
2025-08-12 16:09:16,290 - DEBUG - открыть в проводнике C:\Users\SilantevGN\Desktop\Образцы файлов для разбора\новый\20269757702061\2025.06.09\0201 - ЛC.xlsx
2025-08-12 16:09:16,290 - DEBUG - открыть в проводнике C:\Users\SilantevGN\Desktop\Образцы файлов для разбора\новый\20269757702061\2025.06.09\0201 - ЛC.xlsx
2025-08-12 16:09:22,987 - DEBUG - открыть в проводнике C:\Users\SilantevGN\Desktop\Образцы файлов для разбора\новый\20269790101880\2025.05.28\221-ЗД-2026 Клапан обратный ОК DN50 PN350 инв.446497 поз.ТК1_апрель.pdf
2025-08-12 16:09:22,987 - DEBUG - открыть в проводнике C:\Users\SilantevGN\Desktop\Образцы файлов для разбора\новый\20269790101880\2025.05.28\221-ЗД-2026 Клапан обратный ОК DN50 PN350 инв.446497 поз.ТК1_апрель.pdf
2025-08-12 16:09:28,939 - DEBUG - открыть в проводнике C:\Users\SilantevGN\Desktop\Образцы файлов для разбора\новый\20269790101675\2025.05.28\04-ЗД-2026 Задвижка клиновая DN150 PN16 инв.446887 поз.1_июнь.pdf
2025-08-12 16:09:28,939 - DEBUG - открыть в проводнике C:\Users\SilantevGN\Desktop\Образцы файлов для разбора\новый\20269790101675\2025.05.28\04-ЗД-2026 Задвижка клиновая DN150 PN16 инв.446887 поз.1_июнь.pdf
2025-08-12 16:09:37,371 - DEBUG - открыть в проводнике C:\Users\SilantevGN\Desktop\Образцы файлов для разбора\новый\20269757701065\2025.06.09\лс 14.2-1065.xlsx
2025-08-12 16:09:37,371 - DEBUG - открыть в проводнике C:\Users\SilantevGN\Desktop\Образцы файлов для разбора\новый\20269757701065\2025.06.09\лс 14.2-1065.xlsx
2025-08-12 17:01:36,128 - DEBUG - открываем хуйню C:\Users\SilantevGN\Desktop\Образцы файлов для разбора\новый\20269757702061\2025.06.09\02-02 РММ.gsfx
2025-08-12 17:01:36,128 - DEBUG - открываем хуйню C:\Users\SilantevGN\Desktop\Образцы файлов для разбора\новый\20269757702061\2025.06.09\02-02 РММ.gsfx
2025-08-12 17:01:42,840 - DEBUG - открываем хуйню C:\Users\SilantevGN\Desktop\Образцы файлов для разбора\новый\20269757702061\2025.06.09\0201 - ЛC.xlsx
2025-08-12 17:01:42,840 - DEBUG - открываем хуйню C:\Users\SilantevGN\Desktop\Образцы файлов для разбора\новый\20269757702061\2025.06.09\0201 - ЛC.xlsx
2025-08-12 17:02:02,281 - DEBUG - открываем хуйню C:\Users\SilantevGN\Desktop\Образцы файлов для разбора\новый\20269757702095\2025.06.09\лс 02-01-202137.xlsx
2025-08-12 17:02:02,281 - DEBUG - открываем хуйню C:\Users\SilantevGN\Desktop\Образцы файлов для разбора\новый\20269757702095\2025.06.09\лс 02-01-202137.xlsx
2025-08-12 17:02:02,289 - DEBUG - открываем хуйню C:\Users\SilantevGN\Desktop\Образцы файлов для разбора\новый\20269757702095\2025.06.09\лс 02-01-202137.xlsx
2025-08-12 17:02:02,289 - DEBUG - открываем хуйню C:\Users\SilantevGN\Desktop\Образцы файлов для разбора\новый\20269757702095\2025.06.09\лс 02-01-202137.xlsx
2025-08-12 17:02:02,300 - DEBUG - открываем хуйню C:\Users\SilantevGN\Desktop\Образцы файлов для разбора\новый\20269757702095\2025.06.09\лс 02-01-202137.xlsx
2025-08-12 17:02:02,300 - DEBUG - открываем хуйню C:\Users\SilantevGN\Desktop\Образцы файлов для разбора\новый\20269757702095\2025.06.09\лс 02-01-202137.xlsx
