2025-08-14 11:57:54,857 - DEBUG - кручу верчу запутать хочу ?, ?
2025-08-14 11:57:54,857 - DEBUG - кручу верчу запутать хочу ?, ПОДТВ-ТС-ПН-ВЕРНН-КОММ
2025-08-14 11:57:54,858 - DEBUG - кручу верчу запутать хочу ?, СРСД-ВЕРНН-КОММ
2025-08-14 11:57:54,858 - DEBUG - кручу верчу запутать хочу ?, ПОДТВ-ДВ-ПН-ВЕРНН-КОММ
2025-08-14 11:57:54,858 - DEBUG - кручу верчу запутать хочу ЛС-ОС-ПН-ВЕРНН-КОММ, ЛС-ОС-ПН-ВЕРНН-КОММ
2025-08-14 11:57:54,858 - DEBUG - кручу верчу запутать хочу ЛС-02-01-01-БАЗ, ЛС-ОС-ПН-ВЕРНН-КОММ
2025-08-14 11:57:54,859 - DEBUG - кручу верчу запутать хочу ?, ОС-ГС-ПН-ВЕРНН-КОММ
2025-08-14 11:57:54,859 - DEBUG - кручу верчу запутать хочу ?, ОС-ГС-ПН-ВЕРНН-КОММ
2025-08-14 13:25:15,980 - DEBUG - кручу верчу запутать хочу ?, ?
2025-08-14 13:25:15,980 - DEBUG - кручу верчу запутать хочу ?, ПОДТВ-ТС-ПН-ВЕРНН-КОММ
2025-08-14 13:25:15,980 - DEBUG - кручу верчу запутать хочу ?, СРСД-ВЕРНН-КОММ
2025-08-14 13:25:15,981 - DEBUG - кручу верчу запутать хочу ?, ПОДТВ-ДВ-ПН-ВЕРНН-КОММ
2025-08-14 13:25:15,981 - DEBUG - кручу верчу запутать хочу ЛС-ОС-ПН-ВЕРНН-КОММ, ЛС-ОС-ПН-ВЕРНН-КОММ
2025-08-14 13:25:15,981 - DEBUG - кручу верчу запутать хочу ЛС-02-01-01-БАЗ, ЛС-ОС-ПН-ВЕРНН-КОММ
2025-08-14 13:25:15,981 - DEBUG - кручу верчу запутать хочу ?, ОС-ГС-ПН-ВЕРНН-КОММ
2025-08-14 13:25:15,981 - DEBUG - кручу верчу запутать хочу ?, ОС-ГС-ПН-ВЕРНН-КОММ
2025-08-14 13:27:19,172 - DEBUG - кручу верчу запутать хочу ?, ?
2025-08-14 13:27:19,172 - DEBUG - кручу верчу запутать хочу ?, ПОДТВ-ТС-ПН-ВЕРНН-КОММ
2025-08-14 13:27:19,173 - DEBUG - кручу верчу запутать хочу ?, СРСД-ВЕРНН-КОММ
2025-08-14 13:27:19,173 - DEBUG - кручу верчу запутать хочу ?, ПОДТВ-ДВ-ПН-ВЕРНН-КОММ
2025-08-14 13:27:19,173 - DEBUG - кручу верчу запутать хочу ЛС-ОС-ПН-ВЕРНН-КОММ-ТЕСТ, ЛС-ОС-ПН-ВЕРНН-КОММ-ТЕСТ
2025-08-14 13:27:19,173 - DEBUG - кручу верчу запутать хочу ЛС-02-01-01-БАЗ, ЛС-ОС-ПН-ВЕРНН-КОММ-ТЕСТ
2025-08-14 13:27:19,174 - DEBUG - кручу верчу запутать хочу ?, ОС-ГС-ПН-ВЕРНН-КОММ
2025-08-14 13:27:19,174 - DEBUG - кручу верчу запутать хочу ?, ОС-ГС-ПН-ВЕРНН-КОММ
2025-08-14 13:43:36,585 - DEBUG - кручу верчу запутать хочу ?, ?
2025-08-14 13:43:36,585 - DEBUG - кручу верчу запутать хочу ?, ПОДТВ-ТС-ПН-ВЕРНН-КОММ
2025-08-14 13:43:36,585 - DEBUG - кручу верчу запутать хочу ?, СРСД-ВЕРНН-КОММ
2025-08-14 13:43:36,586 - DEBUG - кручу верчу запутать хочу ?, ПОДТВ-ДВ-ПН-ВЕРНН-КОММ
2025-08-14 13:43:36,586 - DEBUG - кручу верчу запутать хочу ЛС-ОС-ПН-ВЕРНН-КОММ, ЛС-ОС-ПН-ВЕРНН-КОММ
2025-08-14 13:43:36,586 - DEBUG - кручу верчу запутать хочу ЛС-02-01-01-БАЗ, ЛС-ОС-ПН-ВЕРНН-КОММ
2025-08-14 13:43:36,586 - DEBUG - кручу верчу запутать хочу ?, ОС-ГС-ПН-ВЕРНН-КОММ
2025-08-14 13:43:36,587 - DEBUG - кручу верчу запутать хочу ?, ОС-ГС-ПН-ВЕРНН-КОММ
2025-08-14 13:52:55,591 - DEBUG - кручу верчу запутать хочу ?, ?
2025-08-14 13:52:55,591 - DEBUG - кручу верчу запутать хочу ?, ПОДТВ-ТС-ПН-ВЕРНН-КОММ
2025-08-14 13:52:55,592 - DEBUG - кручу верчу запутать хочу ?, СРСД-ВЕРНН-КОММ
2025-08-14 13:52:55,592 - DEBUG - кручу верчу запутать хочу ?, ПОДТВ-ДВ-ПН-ВЕРНН-КОММ
2025-08-14 13:52:55,592 - DEBUG - кручу верчу запутать хочу ЛС-ОС-ПН-ВЕРНН-КОММ, ЛС-ОС-ПН-ВЕРНН-КОММ
2025-08-14 13:52:55,592 - DEBUG - кручу верчу запутать хочу ЛС-02-01-01-БАЗ, ЛС-ОС-ПН-ВЕРНН-КОММ
2025-08-14 13:52:55,593 - DEBUG - кручу верчу запутать хочу ?, ОС-ГС-ПН-ВЕРНН-КОММ
2025-08-14 13:52:55,593 - DEBUG - кручу верчу запутать хочу ?, ОС-ГС-ПН-ВЕРНН-КОММ
2025-08-14 14:09:15,137 - DEBUG - кручу верчу запутать хочу ?, ?
2025-08-14 14:09:15,138 - DEBUG - кручу верчу запутать хочу ?, ПОДТВ-ТС-ПН-ВЕРНН-КОММ
2025-08-14 14:09:15,138 - DEBUG - кручу верчу запутать хочу ?, СРСД-ВЕРНН-КОММ
2025-08-14 14:09:15,138 - DEBUG - кручу верчу запутать хочу ?, ПОДТВ-ДВ-ПН-ВЕРНН-КОММ
2025-08-14 14:09:15,138 - DEBUG - кручу верчу запутать хочу ЛС-ОС-ПН-ВЕРНН-КОММ, ЛС-ОС-ПН-ВЕРНН-КОММ
2025-08-14 14:09:15,139 - DEBUG - кручу верчу запутать хочу ЛС-02-01-01-БАЗ, ЛС-ОС-ПН-ВЕРНН-КОММ
2025-08-14 14:09:15,139 - DEBUG - кручу верчу запутать хочу ?, ОС-ГС-ПН-ВЕРНН-КОММ
2025-08-14 14:09:15,139 - DEBUG - кручу верчу запутать хочу ?, ОС-ГС-ПН-ВЕРНН-КОММ
2025-08-14 15:07:38,012 - DEBUG - кручу верчу запутать хочу ?, ?
2025-08-14 15:07:38,012 - DEBUG - кручу верчу запутать хочу ЛС-gdnoy/572102.твс/02-385/2024/тр-01-БАЗ, ЛС-ГС-ПНо-ПНл-ВЕРНН-КОММ
2025-08-14 15:07:38,012 - DEBUG - кручу верчу запутать хочу ?, ?
2025-08-14 15:07:38,013 - DEBUG - кручу верчу запутать хочу ?, ?
2025-08-14 15:07:38,013 - DEBUG - кручу верчу запутать хочу ?, ПОДТВ-КП-ПН-ВЕРНН-КОММ
2025-08-14 15:07:38,013 - DEBUG - кручу верчу запутать хочу ?, ФОРМА1.3-ВЕРНН-КОММ
2025-08-14 15:07:38,013 - DEBUG - кручу верчу запутать хочу ?, ССР-ПН-ВЕРНН-КОММ
2025-08-14 17:13:05,552 - DEBUG - обнаружен тэг "(локальная смета)"в файле: 1_СД 141000039162.xlsx
2025-08-14 17:13:05,606 - DEBUG - обнаружен тэг "основание: ведомость  дефектов № 141000039162, инв.№124805"в файле: 1_СД 141000039162.xlsx
2025-08-14 17:13:05,656 - DEBUG - обнаружен тэг "локальный ресурсный сметный расчет  № gperr/огпз-тр-м/1223-2026"в файле: 1_СД 141000039162.xlsx
2025-08-14 17:13:05,704 - DEBUG - обнаружен тэг "приложение _x000d_
к сводному реестру сметной документации_x000d_
на выполнение работ по техническому обслуживанию и текущему ремонту объектов ооо "газпром переработка" в 2026 году,_x000d_
утвержденному ответственным лицом филиала_x000d_
ооо «газпром инвест» «газпром ремонт»"в файле: 1_СД 141000039162.xlsx
2025-08-14 17:13:05,915 - DEBUG - обнаружен тэг "  перевозка рабочих (1178,9452+209,1307)/8/20*(30/51*2*2949,94)30108"в файле: 1_СД 141000039162.xlsx
2025-08-14 17:13:06,541 - DEBUG - обнаружен тэг "1. при расчетах за выполненные работы, резерв средств на непредвиденные работы и затраты, учтенный сметной документацией, подлежит включению (в пределах утвержденного лимита) только при наличии дополнительных физических объемов работ, транспортных и заготовительно-складских расходов поставки материалов, на основании обосновывающих документов, подтверждающих выполнение работ.       "в файле: 1_СД 141000039162.xlsx
2025-08-14 17:13:06,750 - DEBUG - обнаружен тэг "приложение _x000d_
к сводному реестру сметной документации_x000d_
на выполнение работ по техническому обслуживанию и текущему ремонту объектов ооо "газпром переработка" в 2026 году,_x000d_
утвержденному ответственным лицом филиала_x000d_
ооо «газпром инвест» «газпром ремонт»"в файле: 1_СД 141000039162.xlsx
2025-08-14 17:13:06,800 - DEBUG - обнаружен тэг "№ ппобоснованиенаименованиеед. изм.кол.сметная стоимость в текущих (прогнозных) ценах, руб.т/з осн. раб.т/з мех."в файле: 1_СД 141000039162.xlsx
2025-08-14 17:13:06,870 - DEBUG - обнаружен тэг "основание: ведомость дефектов №141000039162, инв.№124805"в файле: 3_РПЗ 141000039162.xlsx
2025-08-14 17:13:06,878 - DEBUG - обнаружен тэг "расчет № 1"в файле: 3_РПЗ 141000039162.xlsx
2025-08-14 17:13:06,886 - DEBUG - обнаружен тэг "4расстояние до объекта (ii класс дорог - 37км/ч)км0дороги с твердым покрытием (булыжные, щебеночные, гравийные) и грунтованные улучшенные - скорость 33 км/час"в файле: 3_РПЗ 141000039162.xlsx
2025-08-14 17:13:06,913 - DEBUG - обнаружен тэг "ежедневная перевозка рабочих свыше 3-х км"в файле: 3_РПЗ 141000039162.xlsx
2025-08-14 17:13:06,921 - DEBUG - обнаружен тэг "командировочные расходы"в файле: 3_РПЗ 141000039162.xlsx
2025-08-14 17:13:07,030 - DEBUG - обнаружен тэг "* -компенсация затрат, связанная с перевозкой рабочих, осуществляется по фактическим затратам на основании подтверждающих документов, но не выше лимита, установленного сметной документацией."в файле: 3_РПЗ 141000039162.xlsx
2025-08-14 17:13:07,063 - DEBUG - обнаружен тэг "* -компенсация затрат, связанная с перевозкой рабочих, осуществляется по фактическим затратам на основании подтверждающих документов, но не выше лимита, установленного сметной документацией."в файле: 3_РПЗ 141000039162.xlsx
2025-08-14 17:13:07,090 - DEBUG - обнаружен тэг "ведомость мтр и комплектующих  к  gtsrg/1031/75/2026"в файле: 97454_7.3_00384 ВР ЛСР GTSRG-1031-75-2026.xlsx
2025-08-14 17:13:07,101 - DEBUG - обнаружен тэг "6расчет стоимости мтр кс-8 туртасскаяколодка d=200 тормозная д/ткг-200шт41018.99991.67ес мтр 1317819.11, кср справочно4075.963966.681156.551125.554626.24502.2311000462967"в файле: 97454_7.3_00384 ВР ЛСР GTSRG-1031-75-2026.xlsx
2025-08-14 17:13:07,132 - DEBUG - обнаружен тэг "ведомость мтр и комплектующих  к  gtsrg/1031/75/2026"в файле: 97454_7.3_00384 ВР ЛСР GTSRG-1031-75-2026.xlsx
2025-08-14 17:13:07,306 - DEBUG - обнаружен тэг "* графа «номер заказа торо» подлежит обязательному заполнению.  данные номера заказа торо должны соответствовать исходным данным (ведомости дефектов, ведомости согласования стоимости мтр и комплектующих).  при отсутствии данных о номере заказа торо или выявлении разночтений с исходными данными, производственные отделы общества  вносят соответствующие данные в ведомость ресурсов или необходимые уточнения в исходные данные."в файле: 97454_7.3_00384 ВР ЛСР GTSRG-1031-75-2026.xlsx
2025-08-14 17:13:07,315 - DEBUG - обнаружен тэг "№ ппобоснованиенаименованиеед. изм.общее
кол-востоимость, руб.в текущих ценах по состоянию на 01.01.2024г.всего (цена сметная), руб.всего (цена оптовая), руб.стоимость, руб.в текущих ценах по состоянию на 01.01.2026г.*всего (цена сметная), руб.всего (цена оптовая), руб.номер заказа торо*"в файле: 97454_7.3_00384 ВР ЛСР GTSRG-1031-75-2026.xlsx
2025-08-14 17:13:07,351 - DEBUG - обнаружен тэг "основание ведомость дефектов"в файле: 97454_7.3_00384 ССР GTSRG-1031-76-2026.xlsx
2025-08-14 17:13:07,589 - DEBUG - обнаружен тэг "№ ппобоснованиенаименование локальных сметных расчетов (смет), затратсметная стоимостьруб."в файле: 97454_7.3_00384 ССР GTSRG-1031-76-2026.xlsx
2025-08-14 17:13:07,601 - DEBUG - обнаружен тэг "№ ппобоснованиенаименование локальных сметных расчетов (смет), затратсметная стоимостьруб."в файле: 97454_7.3_00384 ССР GTSRG-1031-76-2026.xlsx
2025-08-14 17:13:07,692 - DEBUG - обнаружен тэг "типовая локальная смета № 05-2026"в файле: Типовая смета 05-2026.xlsx
2025-08-14 17:13:07,765 - DEBUG - обнаружен тэг "основание: дв 0330.а88.33573; 
дв 0330.а88.33574;
дв 0330.а88.33575."в файле: Типовая смета 05-2026.xlsx
2025-08-14 17:13:07,841 - DEBUG - обнаружен тэг "составил: ________________________________экономист 2 кат.оцссср совоф склюева ю.ю."в файле: Типовая смета 05-2026.xlsx
2025-08-14 17:13:09,353 - DEBUG - обнаружен тэг " арматура фонтанная скважины газовой эксплуатационной № 4313 куста газовых скважин № 43 укпг-2 бованенковского нгкм;
 арматура фонтанная скважины газовой эксплуатационной № 5705 куста газовых скважин № 57 укпг-2 бованенковского нгкм;
 арматура фонтанная скважины газовой эксплуатационной № 6401 куста газовых скважин № 64 укпг-1 бованенковского нгкм."в файле: Типовая смета 05-2026.xlsx
2025-08-14 17:13:09,502 - DEBUG - обнаружен тэг "№ 
п/пнаименование работобоснование цены*ед. изм.количествоцена за единицу, руб.стоимость работ, руб.обоснование цены"в файле: Типовая смета 05-2026.xlsx
2025-08-14 17:19:25,314 - DEBUG - обнаружен тэг "(локальная смета)"в файле: 1_СД 141000039162.xlsx
2025-08-14 17:19:25,367 - DEBUG - обнаружен тэг "основание: ведомость  дефектов № 141000039162, инв.№124805"в файле: 1_СД 141000039162.xlsx
2025-08-14 17:19:25,418 - DEBUG - обнаружен тэг "локальный ресурсный сметный расчет  № gperr/огпз-тр-м/1223-2026"в файле: 1_СД 141000039162.xlsx
2025-08-14 17:19:25,467 - DEBUG - обнаружен тэг "приложение _x000d_
к сводному реестру сметной документации_x000d_
на выполнение работ по техническому обслуживанию и текущему ремонту объектов ооо "газпром переработка" в 2026 году,_x000d_
утвержденному ответственным лицом филиала_x000d_
ооо «газпром инвест» «газпром ремонт»"в файле: 1_СД 141000039162.xlsx
2025-08-14 17:19:25,677 - DEBUG - обнаружен тэг "  перевозка рабочих (1178,9452+209,1307)/8/20*(30/51*2*2949,94)30108"в файле: 1_СД 141000039162.xlsx
2025-08-14 17:19:26,295 - DEBUG - обнаружен тэг "1. при расчетах за выполненные работы, резерв средств на непредвиденные работы и затраты, учтенный сметной документацией, подлежит включению (в пределах утвержденного лимита) только при наличии дополнительных физических объемов работ, транспортных и заготовительно-складских расходов поставки материалов, на основании обосновывающих документов, подтверждающих выполнение работ.       "в файле: 1_СД 141000039162.xlsx
2025-08-14 17:19:26,501 - DEBUG - обнаружен тэг "приложение _x000d_
к сводному реестру сметной документации_x000d_
на выполнение работ по техническому обслуживанию и текущему ремонту объектов ооо "газпром переработка" в 2026 году,_x000d_
утвержденному ответственным лицом филиала_x000d_
ооо «газпром инвест» «газпром ремонт»"в файле: 1_СД 141000039162.xlsx
2025-08-14 17:19:26,550 - DEBUG - обнаружен тэг "№ ппобоснованиенаименованиеед. изм.кол.сметная стоимость в текущих (прогнозных) ценах, руб.т/з осн. раб.т/з мех."в файле: 1_СД 141000039162.xlsx
2025-08-14 17:19:26,619 - DEBUG - обнаружен тэг "основание: ведомость дефектов №141000039162, инв.№124805"в файле: 3_РПЗ 141000039162.xlsx
2025-08-14 17:19:26,627 - DEBUG - обнаружен тэг "расчет № 1"в файле: 3_РПЗ 141000039162.xlsx
2025-08-14 17:19:26,636 - DEBUG - обнаружен тэг "4расстояние до объекта (ii класс дорог - 37км/ч)км0дороги с твердым покрытием (булыжные, щебеночные, гравийные) и грунтованные улучшенные - скорость 33 км/час"в файле: 3_РПЗ 141000039162.xlsx
2025-08-14 17:19:26,661 - DEBUG - обнаружен тэг "ежедневная перевозка рабочих свыше 3-х км"в файле: 3_РПЗ 141000039162.xlsx
2025-08-14 17:19:26,671 - DEBUG - обнаружен тэг "командировочные расходы"в файле: 3_РПЗ 141000039162.xlsx
2025-08-14 17:19:26,781 - DEBUG - обнаружен тэг "* -компенсация затрат, связанная с перевозкой рабочих, осуществляется по фактическим затратам на основании подтверждающих документов, но не выше лимита, установленного сметной документацией."в файле: 3_РПЗ 141000039162.xlsx
2025-08-14 17:19:26,814 - DEBUG - обнаружен тэг "* -компенсация затрат, связанная с перевозкой рабочих, осуществляется по фактическим затратам на основании подтверждающих документов, но не выше лимита, установленного сметной документацией."в файле: 3_РПЗ 141000039162.xlsx
2025-08-14 17:19:26,842 - DEBUG - обнаружен тэг "ведомость мтр и комплектующих  к  gtsrg/1031/75/2026"в файле: 97454_7.3_00384 ВР ЛСР GTSRG-1031-75-2026.xlsx
2025-08-14 17:19:26,853 - DEBUG - обнаружен тэг "6расчет стоимости мтр кс-8 туртасскаяколодка d=200 тормозная д/ткг-200шт41018.99991.67ес мтр 1317819.11, кср справочно4075.963966.681156.551125.554626.24502.2311000462967"в файле: 97454_7.3_00384 ВР ЛСР GTSRG-1031-75-2026.xlsx
2025-08-14 17:19:26,885 - DEBUG - обнаружен тэг "ведомость мтр и комплектующих  к  gtsrg/1031/75/2026"в файле: 97454_7.3_00384 ВР ЛСР GTSRG-1031-75-2026.xlsx
2025-08-14 17:19:27,060 - DEBUG - обнаружен тэг "* графа «номер заказа торо» подлежит обязательному заполнению.  данные номера заказа торо должны соответствовать исходным данным (ведомости дефектов, ведомости согласования стоимости мтр и комплектующих).  при отсутствии данных о номере заказа торо или выявлении разночтений с исходными данными, производственные отделы общества  вносят соответствующие данные в ведомость ресурсов или необходимые уточнения в исходные данные."в файле: 97454_7.3_00384 ВР ЛСР GTSRG-1031-75-2026.xlsx
2025-08-14 17:19:27,070 - DEBUG - обнаружен тэг "№ ппобоснованиенаименованиеед. изм.общее
кол-востоимость, руб.в текущих ценах по состоянию на 01.01.2024г.всего (цена сметная), руб.всего (цена оптовая), руб.стоимость, руб.в текущих ценах по состоянию на 01.01.2026г.*всего (цена сметная), руб.всего (цена оптовая), руб.номер заказа торо*"в файле: 97454_7.3_00384 ВР ЛСР GTSRG-1031-75-2026.xlsx
2025-08-14 17:19:27,106 - DEBUG - обнаружен тэг "основание ведомость дефектов"в файле: 97454_7.3_00384 ССР GTSRG-1031-76-2026.xlsx
2025-08-14 17:19:27,347 - DEBUG - обнаружен тэг "№ ппобоснованиенаименование локальных сметных расчетов (смет), затратсметная стоимостьруб."в файле: 97454_7.3_00384 ССР GTSRG-1031-76-2026.xlsx
2025-08-14 17:19:27,360 - DEBUG - обнаружен тэг "№ ппобоснованиенаименование локальных сметных расчетов (смет), затратсметная стоимостьруб."в файле: 97454_7.3_00384 ССР GTSRG-1031-76-2026.xlsx
2025-08-14 17:19:27,451 - DEBUG - обнаружен тэг "типовая локальная смета № 05-2026"в файле: Типовая смета 05-2026.xlsx
2025-08-14 17:19:27,525 - DEBUG - обнаружен тэг "основание: дв 0330.а88.33573; 
дв 0330.а88.33574;
дв 0330.а88.33575."в файле: Типовая смета 05-2026.xlsx
2025-08-14 17:19:27,600 - DEBUG - обнаружен тэг "составил: ________________________________экономист 2 кат.оцссср совоф склюева ю.ю."в файле: Типовая смета 05-2026.xlsx
2025-08-14 17:19:29,092 - DEBUG - обнаружен тэг " арматура фонтанная скважины газовой эксплуатационной № 4313 куста газовых скважин № 43 укпг-2 бованенковского нгкм;
 арматура фонтанная скважины газовой эксплуатационной № 5705 куста газовых скважин № 57 укпг-2 бованенковского нгкм;
 арматура фонтанная скважины газовой эксплуатационной № 6401 куста газовых скважин № 64 укпг-1 бованенковского нгкм."в файле: Типовая смета 05-2026.xlsx
2025-08-14 17:19:29,244 - DEBUG - обнаружен тэг "№ 
п/пнаименование работобоснование цены*ед. изм.количествоцена за единицу, руб.стоимость работ, руб.обоснование цены"в файле: Типовая смета 05-2026.xlsx
2025-08-14 17:21:46,824 - DEBUG - обнаружен тэг "(локальная смета)"в файле: 1_СД 141000039162.xlsx
2025-08-14 17:21:46,877 - DEBUG - обнаружен тэг "основание: ведомость  дефектов № 141000039162, инв.№124805"в файле: 1_СД 141000039162.xlsx
2025-08-14 17:21:46,927 - DEBUG - обнаружен тэг "локальный ресурсный сметный расчет  № gperr/огпз-тр-м/1223-2026"в файле: 1_СД 141000039162.xlsx
2025-08-14 17:21:46,975 - DEBUG - обнаружен тэг "приложение _x000d_
к сводному реестру сметной документации_x000d_
на выполнение работ по техническому обслуживанию и текущему ремонту объектов ооо "газпром переработка" в 2026 году,_x000d_
утвержденному ответственным лицом филиала_x000d_
ооо «газпром инвест» «газпром ремонт»"в файле: 1_СД 141000039162.xlsx
2025-08-14 17:21:47,186 - DEBUG - обнаружен тэг "  перевозка рабочих (1178,9452+209,1307)/8/20*(30/51*2*2949,94)30108"в файле: 1_СД 141000039162.xlsx
2025-08-14 17:21:47,819 - DEBUG - обнаружен тэг "1. при расчетах за выполненные работы, резерв средств на непредвиденные работы и затраты, учтенный сметной документацией, подлежит включению (в пределах утвержденного лимита) только при наличии дополнительных физических объемов работ, транспортных и заготовительно-складских расходов поставки материалов, на основании обосновывающих документов, подтверждающих выполнение работ.       "в файле: 1_СД 141000039162.xlsx
2025-08-14 17:21:48,028 - DEBUG - обнаружен тэг "приложение _x000d_
к сводному реестру сметной документации_x000d_
на выполнение работ по техническому обслуживанию и текущему ремонту объектов ооо "газпром переработка" в 2026 году,_x000d_
утвержденному ответственным лицом филиала_x000d_
ооо «газпром инвест» «газпром ремонт»"в файле: 1_СД 141000039162.xlsx
2025-08-14 17:21:48,077 - DEBUG - обнаружен тэг "№ ппобоснованиенаименованиеед. изм.кол.сметная стоимость в текущих (прогнозных) ценах, руб.т/з осн. раб.т/з мех."в файле: 1_СД 141000039162.xlsx
2025-08-14 17:21:48,147 - DEBUG - обнаружен тэг "основание: ведомость дефектов №141000039162, инв.№124805"в файле: 3_РПЗ 141000039162.xlsx
2025-08-14 17:21:48,156 - DEBUG - обнаружен тэг "расчет № 1"в файле: 3_РПЗ 141000039162.xlsx
2025-08-14 17:21:48,165 - DEBUG - обнаружен тэг "4расстояние до объекта (ii класс дорог - 37км/ч)км0дороги с твердым покрытием (булыжные, щебеночные, гравийные) и грунтованные улучшенные - скорость 33 км/час"в файле: 3_РПЗ 141000039162.xlsx
2025-08-14 17:21:48,192 - DEBUG - обнаружен тэг "ежедневная перевозка рабочих свыше 3-х км"в файле: 3_РПЗ 141000039162.xlsx
2025-08-14 17:21:48,200 - DEBUG - обнаружен тэг "командировочные расходы"в файле: 3_РПЗ 141000039162.xlsx
2025-08-14 17:21:48,312 - DEBUG - обнаружен тэг "* -компенсация затрат, связанная с перевозкой рабочих, осуществляется по фактическим затратам на основании подтверждающих документов, но не выше лимита, установленного сметной документацией."в файле: 3_РПЗ 141000039162.xlsx
2025-08-14 17:21:48,346 - DEBUG - обнаружен тэг "* -компенсация затрат, связанная с перевозкой рабочих, осуществляется по фактическим затратам на основании подтверждающих документов, но не выше лимита, установленного сметной документацией."в файле: 3_РПЗ 141000039162.xlsx
2025-08-14 17:21:48,375 - DEBUG - обнаружен тэг "ведомость мтр и комплектующих  к  gtsrg/1031/75/2026"в файле: 97454_7.3_00384 ВР ЛСР GTSRG-1031-75-2026.xlsx
2025-08-14 17:21:48,385 - DEBUG - обнаружен тэг "6расчет стоимости мтр кс-8 туртасскаяколодка d=200 тормозная д/ткг-200шт41018.99991.67ес мтр 1317819.11, кср справочно4075.963966.681156.551125.554626.24502.2311000462967"в файле: 97454_7.3_00384 ВР ЛСР GTSRG-1031-75-2026.xlsx
2025-08-14 17:21:48,417 - DEBUG - обнаружен тэг "ведомость мтр и комплектующих  к  gtsrg/1031/75/2026"в файле: 97454_7.3_00384 ВР ЛСР GTSRG-1031-75-2026.xlsx
2025-08-14 17:21:48,593 - DEBUG - обнаружен тэг "* графа «номер заказа торо» подлежит обязательному заполнению.  данные номера заказа торо должны соответствовать исходным данным (ведомости дефектов, ведомости согласования стоимости мтр и комплектующих).  при отсутствии данных о номере заказа торо или выявлении разночтений с исходными данными, производственные отделы общества  вносят соответствующие данные в ведомость ресурсов или необходимые уточнения в исходные данные."в файле: 97454_7.3_00384 ВР ЛСР GTSRG-1031-75-2026.xlsx
2025-08-14 17:21:48,605 - DEBUG - обнаружен тэг "№ ппобоснованиенаименованиеед. изм.общее
кол-востоимость, руб.в текущих ценах по состоянию на 01.01.2024г.всего (цена сметная), руб.всего (цена оптовая), руб.стоимость, руб.в текущих ценах по состоянию на 01.01.2026г.*всего (цена сметная), руб.всего (цена оптовая), руб.номер заказа торо*"в файле: 97454_7.3_00384 ВР ЛСР GTSRG-1031-75-2026.xlsx
2025-08-14 17:21:48,641 - DEBUG - обнаружен тэг "основание ведомость дефектов"в файле: 97454_7.3_00384 ССР GTSRG-1031-76-2026.xlsx
2025-08-14 17:21:48,885 - DEBUG - обнаружен тэг "№ ппобоснованиенаименование локальных сметных расчетов (смет), затратсметная стоимостьруб."в файле: 97454_7.3_00384 ССР GTSRG-1031-76-2026.xlsx
2025-08-14 17:21:48,897 - DEBUG - обнаружен тэг "№ ппобоснованиенаименование локальных сметных расчетов (смет), затратсметная стоимостьруб."в файле: 97454_7.3_00384 ССР GTSRG-1031-76-2026.xlsx
2025-08-14 17:21:48,988 - DEBUG - обнаружен тэг "типовая локальная смета № 05-2026"в файле: Типовая смета 05-2026.xlsx
2025-08-14 17:21:49,062 - DEBUG - обнаружен тэг "основание: дв 0330.а88.33573; 
дв 0330.а88.33574;
дв 0330.а88.33575."в файле: Типовая смета 05-2026.xlsx
2025-08-14 17:21:49,137 - DEBUG - обнаружен тэг "составил: ________________________________экономист 2 кат.оцссср совоф склюева ю.ю."в файле: Типовая смета 05-2026.xlsx
2025-08-14 17:21:50,627 - DEBUG - обнаружен тэг " арматура фонтанная скважины газовой эксплуатационной № 4313 куста газовых скважин № 43 укпг-2 бованенковского нгкм;
 арматура фонтанная скважины газовой эксплуатационной № 5705 куста газовых скважин № 57 укпг-2 бованенковского нгкм;
 арматура фонтанная скважины газовой эксплуатационной № 6401 куста газовых скважин № 64 укпг-1 бованенковского нгкм."в файле: Типовая смета 05-2026.xlsx
2025-08-14 17:21:50,778 - DEBUG - обнаружен тэг "№ 
п/пнаименование работобоснование цены*ед. изм.количествоцена за единицу, руб.стоимость работ, руб.обоснование цены"в файле: Типовая смета 05-2026.xlsx
2025-08-14 17:30:09,893 - DEBUG - обнаружен тэг "(локальная смета)"в файле: 1_СД 141000039162.xlsx
2025-08-14 17:30:09,970 - DEBUG - обнаружен тэг "основание: ведомость дефектов №141000039162, инв.№124805"в файле: 3_РПЗ 141000039162.xlsx
2025-08-14 17:30:10,005 - DEBUG - обнаружен тэг "основание ведомость дефектов"в файле: 97454_7.3_00384 ССР GTSRG-1031-76-2026.xlsx
2025-08-14 17:30:10,080 - DEBUG - обнаружен тэг "типовая локальная смета № 05-2026"в файле: Типовая смета 05-2026.xlsx
